
*** Running vivado
    with args -log top_level.vds -m64 -product Vivado -mode batch -messageDb vivado.pb -notrace -source top_level.tcl


ECHO is off.
ECHO is off.

****** Vivado v2023.1 (64-bit)
  **** SW Build 3865809 on Sun May  7 15:05:29 MDT 2023
  **** IP Build 3864474 on Sun May  7 20:36:21 MDT 2023
  **** SharedData Build 3865790 on Sun May 07 13:33:03 MDT 2023
    ** Copyright 1986-2022 Xilinx, Inc. All Rights Reserved.
    ** Copyright 2022-2023 Advanced Micro Devices, Inc. All Rights Reserved.

source top_level.tcl -notrace
create_project: Time (s): cpu = 00:00:04 ; elapsed = 00:00:06 . Memory (MB): peak = 431.809 ; gain = 160.980
Command: read_checkpoint -auto_incremental -incremental C:/Users/USER/OneDrive/Desktop/smart_power_grid/smart_power_grid.srcs/utils_1/imports/synth_1/top_level.dcp
INFO: [Vivado 12-5825] Read reference checkpoint from C:/Users/USER/OneDrive/Desktop/smart_power_grid/smart_power_grid.srcs/utils_1/imports/synth_1/top_level.dcp for incremental synthesis
INFO: [Vivado 12-7989] Please ensure there are no constraint changes
Command: synth_design -top top_level -part xc7a35ticpg236-1L
Starting synth_design
Attempting to get a license for feature 'Synthesis' and/or device 'xc7a35ti'
INFO: [Common 17-349] Got license for feature 'Synthesis' and/or device 'xc7a35ti'
INFO: [Device 21-403] Loading part xc7a35ticpg236-1L
INFO: [Designutils 20-5440] No compile time benefit to using incremental synthesis; A full resynthesis will be run
INFO: [Designutils 20-4379] Flow is switching to default flow due to incremental criteria not met. If you would like to alter this behaviour and have the flow terminate instead, please set the following parameter config_implementation {autoIncr.Synth.RejectBehavior Terminate}
INFO: [Synth 8-7079] Multithreading enabled for synth_design using a maximum of 2 processes.
INFO: [Synth 8-7078] Launching helper process for spawning children vivado processes
INFO: [Synth 8-7075] Helper process launched with PID 21788
---------------------------------------------------------------------------------
Starting RTL Elaboration : Time (s): cpu = 00:00:03 ; elapsed = 00:00:05 . Memory (MB): peak = 1249.227 ; gain = 410.941
---------------------------------------------------------------------------------
INFO: [Synth 8-6157] synthesizing module 'top_level' [C:/Users/USER/OneDrive/Desktop/smart_power_grid/src/top_level.v:26]
INFO: [Synth 8-6157] synthesizing module 'clk_divider' [C:/Users/USER/OneDrive/Desktop/smart_power_grid/src/clk_divider.v:13]
INFO: [Synth 8-6155] done synthesizing module 'clk_divider' (0#1) [C:/Users/USER/OneDrive/Desktop/smart_power_grid/src/clk_divider.v:13]
INFO: [Synth 8-6157] synthesizing module 'debouncer' [C:/Users/USER/OneDrive/Desktop/smart_power_grid/src/debouncer.v:16]
	Parameter STABLE_CYCLES bound to: 500000 - type: integer 
INFO: [Synth 8-6155] done synthesizing module 'debouncer' (0#1) [C:/Users/USER/OneDrive/Desktop/smart_power_grid/src/debouncer.v:16]
INFO: [Synth 8-6157] synthesizing module 'bram_controller' [C:/Users/USER/OneDrive/Desktop/smart_power_grid/src/bram_controller.v:21]
INFO: [Synth 8-6155] done synthesizing module 'bram_controller' (0#1) [C:/Users/USER/OneDrive/Desktop/smart_power_grid/src/bram_controller.v:21]
INFO: [Synth 8-6157] synthesizing module 'alu' [C:/Users/USER/OneDrive/Desktop/smart_power_grid/src/alu.v:39]
INFO: [Synth 8-6155] done synthesizing module 'alu' (0#1) [C:/Users/USER/OneDrive/Desktop/smart_power_grid/src/alu.v:39]
INFO: [Synth 8-6157] synthesizing module 'fsm_control' [C:/Users/USER/OneDrive/Desktop/smart_power_grid/src/fsm_control.v:10]
INFO: [Synth 8-6155] done synthesizing module 'fsm_control' (0#1) [C:/Users/USER/OneDrive/Desktop/smart_power_grid/src/fsm_control.v:10]
INFO: [Synth 8-6157] synthesizing module 'seg7_display' [C:/Users/USER/OneDrive/Desktop/smart_power_grid/src/seg7_display.v:18]
INFO: [Synth 8-226] default block is never used [C:/Users/USER/OneDrive/Desktop/smart_power_grid/src/seg7_display.v:95]
INFO: [Synth 8-6155] done synthesizing module 'seg7_display' (0#1) [C:/Users/USER/OneDrive/Desktop/smart_power_grid/src/seg7_display.v:18]
INFO: [Synth 8-6155] done synthesizing module 'top_level' (0#1) [C:/Users/USER/OneDrive/Desktop/smart_power_grid/src/top_level.v:26]
WARNING: [Synth 8-3917] design top_level has port led[15] driven by constant 0
WARNING: [Synth 8-3917] design top_level has port led[14] driven by constant 0
WARNING: [Synth 8-7129] Port priority_in[3] in module alu is either unconnected or has no load
WARNING: [Synth 8-7129] Port priority_in[2] in module alu is either unconnected or has no load
WARNING: [Synth 8-7129] Port priority_in[1] in module alu is either unconnected or has no load
WARNING: [Synth 8-7129] Port priority_in[0] in module alu is either unconnected or has no load
WARNING: [Synth 8-7129] Port sw[15] in module top_level is either unconnected or has no load
WARNING: [Synth 8-7129] Port sw[14] in module top_level is either unconnected or has no load
WARNING: [Synth 8-7129] Port sw[13] in module top_level is either unconnected or has no load
---------------------------------------------------------------------------------
Finished RTL Elaboration : Time (s): cpu = 00:00:05 ; elapsed = 00:00:06 . Memory (MB): peak = 1355.367 ; gain = 517.082
---------------------------------------------------------------------------------
---------------------------------------------------------------------------------
Start Handling Custom Attributes
---------------------------------------------------------------------------------
---------------------------------------------------------------------------------
Finished Handling Custom Attributes : Time (s): cpu = 00:00:05 ; elapsed = 00:00:07 . Memory (MB): peak = 1355.367 ; gain = 517.082
---------------------------------------------------------------------------------
---------------------------------------------------------------------------------
Finished RTL Optimization Phase 1 : Time (s): cpu = 00:00:05 ; elapsed = 00:00:07 . Memory (MB): peak = 1355.367 ; gain = 517.082
---------------------------------------------------------------------------------
Netlist sorting complete. Time (s): cpu = 00:00:00 ; elapsed = 00:00:00.016 . Memory (MB): peak = 1355.367 ; gain = 0.000
INFO: [Project 1-570] Preparing netlist for logic optimization

Processing XDC Constraints
Initializing timing engine
Parsing XDC File [C:/Users/USER/OneDrive/Desktop/smart_power_grid/src/basys3_constraints.xdc]
Finished Parsing XDC File [C:/Users/USER/OneDrive/Desktop/smart_power_grid/src/basys3_constraints.xdc]
INFO: [Project 1-236] Implementation specific constraints were found while reading constraint file [C:/Users/USER/OneDrive/Desktop/smart_power_grid/src/basys3_constraints.xdc]. These constraints will be ignored for synthesis but will be used in implementation. Impacted constraints are listed in the file [.Xil/top_level_propImpl.xdc].
Resolution: To avoid this warning, move constraints listed in [.Xil/top_level_propImpl.xdc] to another XDC file and exclude this new file from synthesis with the used_in_synthesis property (File Properties dialog in GUI) and re-run elaboration/synthesis.
Completed Processing XDC Constraints

Netlist sorting complete. Time (s): cpu = 00:00:00 ; elapsed = 00:00:00 . Memory (MB): peak = 1458.941 ; gain = 0.000
INFO: [Project 1-111] Unisim Transformation Summary:
No Unisim elements were transformed.

Constraint Validation Runtime : Time (s): cpu = 00:00:00 ; elapsed = 00:00:00.007 . Memory (MB): peak = 1458.941 ; gain = 0.000
INFO: [Designutils 20-5440] No compile time benefit to using incremental synthesis; A full resynthesis will be run
INFO: [Designutils 20-4379] Flow is switching to default flow due to incremental criteria not met. If you would like to alter this behaviour and have the flow terminate instead, please set the following parameter config_implementation {autoIncr.Synth.RejectBehavior Terminate}
---------------------------------------------------------------------------------
Finished Constraint Validation : Time (s): cpu = 00:00:12 ; elapsed = 00:00:15 . Memory (MB): peak = 1458.941 ; gain = 620.656
---------------------------------------------------------------------------------
---------------------------------------------------------------------------------
Start Loading Part and Timing Information
---------------------------------------------------------------------------------
Loading part: xc7a35ticpg236-1L
---------------------------------------------------------------------------------
Finished Loading Part and Timing Information : Time (s): cpu = 00:00:12 ; elapsed = 00:00:15 . Memory (MB): peak = 1458.941 ; gain = 620.656
---------------------------------------------------------------------------------
---------------------------------------------------------------------------------
Start Applying 'set_property' XDC Constraints
---------------------------------------------------------------------------------
---------------------------------------------------------------------------------
Finished applying 'set_property' XDC Constraints : Time (s): cpu = 00:00:12 ; elapsed = 00:00:15 . Memory (MB): peak = 1458.941 ; gain = 620.656
---------------------------------------------------------------------------------
INFO: [Synth 8-802] inferred FSM for state register 'fsm_state_reg' in module 'fsm_control'
---------------------------------------------------------------------------------------------------
                   State |                     New Encoding |                Previous Encoding 
---------------------------------------------------------------------------------------------------
                    IDLE |                              000 |                              000
                 MONITOR |                              001 |                              001
                 CONSUME |                              010 |                              010
                 BILLING |                              011 |                              101
                   RESET |                              100 |                              100
---------------------------------------------------------------------------------------------------
INFO: [Synth 8-3354] encoded FSM with state register 'fsm_state_reg' using encoding 'sequential' in module 'fsm_control'
---------------------------------------------------------------------------------
Finished RTL Optimization Phase 2 : Time (s): cpu = 00:00:12 ; elapsed = 00:00:16 . Memory (MB): peak = 1458.941 ; gain = 620.656
---------------------------------------------------------------------------------
---------------------------------------------------------------------------------
Start RTL Component Statistics 
---------------------------------------------------------------------------------
Detailed RTL Component Info : 
+---Adders : 
	   2 Input   30 Bit       Adders := 1     
	   2 Input   28 Bit       Adders := 1     
	   2 Input   17 Bit       Adders := 1     
	   2 Input   11 Bit       Adders := 3     
	   2 Input   10 Bit       Adders := 14    
	   3 Input   10 Bit       Adders := 1     
	   2 Input    4 Bit       Adders := 1     
	   2 Input    2 Bit       Adders := 1     
+---Registers : 
	               30 Bit    Registers := 1     
	               28 Bit    Registers := 2     
	               16 Bit    Registers := 3     
	               12 Bit    Registers := 1     
	               10 Bit    Registers := 19    
	                8 Bit    Registers := 14    
	                4 Bit    Registers := 14    
	                3 Bit    Registers := 1     
	                2 Bit    Registers := 2     
	                1 Bit    Registers := 20    
+---Muxes : 
	   2 Input   30 Bit        Muxes := 1     
	   5 Input   30 Bit        Muxes := 1     
	   2 Input   28 Bit        Muxes := 1     
	   4 Input   28 Bit        Muxes := 1     
	   5 Input   28 Bit        Muxes := 1     
	   4 Input   16 Bit        Muxes := 1     
	   2 Input   16 Bit        Muxes := 2     
	   2 Input   10 Bit        Muxes := 5     
	   4 Input   10 Bit        Muxes := 2     
	   5 Input   10 Bit        Muxes := 3     
	   2 Input    8 Bit        Muxes := 1     
	   5 Input    8 Bit        Muxes := 1     
	  18 Input    7 Bit        Muxes := 1     
	  14 Input    7 Bit        Muxes := 1     
	  11 Input    4 Bit        Muxes := 2     
	   2 Input    4 Bit        Muxes := 1     
	   5 Input    4 Bit        Muxes := 4     
	   4 Input    4 Bit        Muxes := 1     
	   6 Input    3 Bit        Muxes := 1     
	   5 Input    3 Bit        Muxes := 3     
	   2 Input    3 Bit        Muxes := 1     
	   2 Input    2 Bit        Muxes := 1     
	   4 Input    2 Bit        Muxes := 1     
	   2 Input    1 Bit        Muxes := 40    
	   4 Input    1 Bit        Muxes := 8     
	   6 Input    1 Bit        Muxes := 26    
	   5 Input    1 Bit        Muxes := 45    
---------------------------------------------------------------------------------
Finished RTL Component Statistics 
---------------------------------------------------------------------------------
---------------------------------------------------------------------------------
Start Part Resource Summary
---------------------------------------------------------------------------------
Part Resources:
DSPs: 90 (col length:60)
BRAMs: 100 (col length: RAMB18 60 RAMB36 30)
---------------------------------------------------------------------------------
Finished Part Resource Summary
---------------------------------------------------------------------------------
---------------------------------------------------------------------------------
Start Cross Boundary and Area Optimization
---------------------------------------------------------------------------------
WARNING: [Synth 8-7080] Parallel synthesis criteria is not met
DSP Report: Generating DSP thresh[0], operation Mode is: ((D:0xa)+A)*(B:0x32).
DSP Report: operator thresh[0] is absorbed into DSP thresh[0].
DSP Report: operator thresh[0]0 is absorbed into DSP thresh[0].
DSP Report: Generating DSP thresh[1], operation Mode is: ((D:0xa)+A)*(B:0x32).
DSP Report: operator thresh[1] is absorbed into DSP thresh[1].
DSP Report: operator thresh[1]0 is absorbed into DSP thresh[1].
DSP Report: Generating DSP thresh[2], operation Mode is: ((D:0xa)+A)*(B:0x32).
DSP Report: operator thresh[2] is absorbed into DSP thresh[2].
DSP Report: operator thresh[2]0 is absorbed into DSP thresh[2].
DSP Report: Generating DSP thresh[3], operation Mode is: ((D:0xa)+A)*(B:0x32).
DSP Report: operator thresh[3] is absorbed into DSP thresh[3].
DSP Report: operator thresh[3]0 is absorbed into DSP thresh[3].
DSP Report: Generating DSP thresh[4], operation Mode is: ((D:0xa)+A)*(B:0x32).
DSP Report: operator thresh[4] is absorbed into DSP thresh[4].
DSP Report: operator thresh[4]0 is absorbed into DSP thresh[4].
DSP Report: Generating DSP thresh[5], operation Mode is: ((D:0xa)+A)*(B:0x32).
DSP Report: operator thresh[5] is absorbed into DSP thresh[5].
DSP Report: operator thresh[5]0 is absorbed into DSP thresh[5].
DSP Report: Generating DSP thresh[6], operation Mode is: ((D:0xa)+A)*(B:0x32).
DSP Report: operator thresh[6] is absorbed into DSP thresh[6].
DSP Report: operator thresh[6]0 is absorbed into DSP thresh[6].
DSP Report: Generating DSP thresh[7], operation Mode is: ((D:0xa)+A)*(B:0x32).
DSP Report: operator thresh[7] is absorbed into DSP thresh[7].
DSP Report: operator thresh[7]0 is absorbed into DSP thresh[7].
DSP Report: Generating DSP thresh[8], operation Mode is: ((D:0xa)+A)*(B:0x32).
DSP Report: operator thresh[8] is absorbed into DSP thresh[8].
DSP Report: operator thresh[8]0 is absorbed into DSP thresh[8].
DSP Report: Generating DSP thresh[9], operation Mode is: ((D:0xa)+A)*(B:0x32).
DSP Report: operator thresh[9] is absorbed into DSP thresh[9].
DSP Report: operator thresh[9]0 is absorbed into DSP thresh[9].
WARNING: [Synth 8-3917] design top_level has port led[15] driven by constant 0
WARNING: [Synth 8-3917] design top_level has port led[14] driven by constant 0
WARNING: [Synth 8-7129] Port sw[15] in module top_level is either unconnected or has no load
WARNING: [Synth 8-7129] Port sw[14] in module top_level is either unconnected or has no load
WARNING: [Synth 8-7129] Port sw[13] in module top_level is either unconnected or has no load
---------------------------------------------------------------------------------
Finished Cross Boundary and Area Optimization : Time (s): cpu = 00:00:18 ; elapsed = 00:00:22 . Memory (MB): peak = 1458.941 ; gain = 620.656
---------------------------------------------------------------------------------
---------------------------------------------------------------------------------
Start ROM, RAM, DSP, Shift Register and Retiming Reporting
---------------------------------------------------------------------------------

Distributed RAM: Preliminary Mapping Report (see note below)
+------------+----------------+----------------+----------------------+----------------+
|Module Name | RTL Object     | Inference      | Size (Depth x Width) | Primitives     | 
+------------+----------------+----------------+----------------------+----------------+
|top_level   | u_bram/mem_reg | User Attribute | 16 x 28              | RAM16X1S x 28  | 
+------------+----------------+----------------+----------------------+----------------+

Note: The table above is a preliminary report that shows the Distributed RAMs at the current stage of the synthesis flow. Some Distributed RAMs may be reimplemented as non Distributed RAM primitives later in the synthesis flow. Multiple instantiated RAMs are reported only once.

DSP: Preliminary Mapping Report (see note below. The ' indicates corresponding REG is set)
+------------+----------------------+--------+--------+--------+--------+--------+------+------+------+------+-------+------+------+
|Module Name | DSP Mapping          | A Size | B Size | C Size | D Size | P Size | AREG | BREG | CREG | DREG | ADREG | MREG | PREG | 
+------------+----------------------+--------+--------+--------+--------+--------+------+------+------+------+-------+------+------+
|fsm_control | ((D:0xa)+A)*(B:0x32) | 10     | 6      | -      | 4      | 16     | 0    | 0    | -    | 0    | 0     | 0    | 0    | 
|fsm_control | ((D:0xa)+A)*(B:0x32) | 10     | 6      | -      | 4      | 16     | 0    | 0    | -    | 0    | 0     | 0    | 0    | 
|fsm_control | ((D:0xa)+A)*(B:0x32) | 10     | 6      | -      | 4      | 16     | 0    | 0    | -    | 0    | 0     | 0    | 0    | 
|fsm_control | ((D:0xa)+A)*(B:0x32) | 10     | 6      | -      | 4      | 16     | 0    | 0    | -    | 0    | 0     | 0    | 0    | 
|fsm_control | ((D:0xa)+A)*(B:0x32) | 10     | 6      | -      | 4      | 16     | 0    | 0    | -    | 0    | 0     | 0    | 0    | 
|fsm_control | ((D:0xa)+A)*(B:0x32) | 10     | 6      | -      | 4      | 16     | 0    | 0    | -    | 0    | 0     | 0    | 0    | 
|fsm_control | ((D:0xa)+A)*(B:0x32) | 10     | 6      | -      | 4      | 16     | 0    | 0    | -    | 0    | 0     | 0    | 0    | 
|fsm_control | ((D:0xa)+A)*(B:0x32) | 10     | 6      | -      | 4      | 16     | 0    | 0    | -    | 0    | 0     | 0    | 0    | 
|fsm_control | ((D:0xa)+A)*(B:0x32) | 10     | 6      | -      | 4      | 16     | 0    | 0    | -    | 0    | 0     | 0    | 0    | 
|fsm_control | ((D:0xa)+A)*(B:0x32) | 10     | 6      | -      | 4      | 16     | 0    | 0    | -    | 0    | 0     | 0    | 0    | 
+------------+----------------------+--------+--------+--------+--------+--------+------+------+------+------+-------+------+------+

Note: The table above is a preliminary report that shows the DSPs inferred at the current stage of the synthesis flow. Some DSP may be reimplemented as non DSP primitives later in the synthesis flow. Multiple instantiated DSPs are reported only once.
---------------------------------------------------------------------------------
Finished ROM, RAM, DSP, Shift Register and Retiming Reporting
---------------------------------------------------------------------------------
---------------------------------------------------------------------------------
Start Applying XDC Timing Constraints
---------------------------------------------------------------------------------
---------------------------------------------------------------------------------
Finished Applying XDC Timing Constraints : Time (s): cpu = 00:00:25 ; elapsed = 00:00:30 . Memory (MB): peak = 1458.941 ; gain = 620.656
---------------------------------------------------------------------------------
---------------------------------------------------------------------------------
Start Timing Optimization
---------------------------------------------------------------------------------
---------------------------------------------------------------------------------
Finished Timing Optimization : Time (s): cpu = 00:00:27 ; elapsed = 00:00:33 . Memory (MB): peak = 1477.844 ; gain = 639.559
---------------------------------------------------------------------------------
---------------------------------------------------------------------------------
Start ROM, RAM, DSP, Shift Register and Retiming Reporting
---------------------------------------------------------------------------------

Distributed RAM: Final Mapping Report
+------------+----------------+----------------+----------------------+----------------+
|Module Name | RTL Object     | Inference      | Size (Depth x Width) | Primitives     | 
+------------+----------------+----------------+----------------------+----------------+
|top_level   | u_bram/mem_reg | User Attribute | 16 x 28              | RAM16X1S x 28  | 
+------------+----------------+----------------+----------------------+----------------+

---------------------------------------------------------------------------------
Finished ROM, RAM, DSP, Shift Register and Retiming Reporting
---------------------------------------------------------------------------------
---------------------------------------------------------------------------------
Start Technology Mapping
---------------------------------------------------------------------------------
---------------------------------------------------------------------------------
Finished Technology Mapping : Time (s): cpu = 00:00:28 ; elapsed = 00:00:34 . Memory (MB): peak = 1480.348 ; gain = 642.062
---------------------------------------------------------------------------------
---------------------------------------------------------------------------------
Start IO Insertion
---------------------------------------------------------------------------------
---------------------------------------------------------------------------------
Start Flattening Before IO Insertion
---------------------------------------------------------------------------------
---------------------------------------------------------------------------------
Finished Flattening Before IO Insertion
---------------------------------------------------------------------------------
---------------------------------------------------------------------------------
Start Final Netlist Cleanup
---------------------------------------------------------------------------------
---------------------------------------------------------------------------------
Finished Final Netlist Cleanup
---------------------------------------------------------------------------------
---------------------------------------------------------------------------------
Finished IO Insertion : Time (s): cpu = 00:00:31 ; elapsed = 00:00:38 . Memory (MB): peak = 1480.348 ; gain = 642.062
---------------------------------------------------------------------------------
---------------------------------------------------------------------------------
Start Renaming Generated Instances
---------------------------------------------------------------------------------
---------------------------------------------------------------------------------
Finished Renaming Generated Instances : Time (s): cpu = 00:00:31 ; elapsed = 00:00:38 . Memory (MB): peak = 1480.348 ; gain = 642.062
---------------------------------------------------------------------------------
---------------------------------------------------------------------------------
Start Rebuilding User Hierarchy
---------------------------------------------------------------------------------
---------------------------------------------------------------------------------
Finished Rebuilding User Hierarchy : Time (s): cpu = 00:00:31 ; elapsed = 00:00:38 . Memory (MB): peak = 1480.348 ; gain = 642.062
---------------------------------------------------------------------------------
---------------------------------------------------------------------------------
Start Renaming Generated Ports
---------------------------------------------------------------------------------
---------------------------------------------------------------------------------
Finished Renaming Generated Ports : Time (s): cpu = 00:00:31 ; elapsed = 00:00:38 . Memory (MB): peak = 1480.348 ; gain = 642.062
---------------------------------------------------------------------------------
---------------------------------------------------------------------------------
Start Handling Custom Attributes
---------------------------------------------------------------------------------
---------------------------------------------------------------------------------
Finished Handling Custom Attributes : Time (s): cpu = 00:00:31 ; elapsed = 00:00:38 . Memory (MB): peak = 1480.348 ; gain = 642.062
---------------------------------------------------------------------------------
---------------------------------------------------------------------------------
Start Renaming Generated Nets
---------------------------------------------------------------------------------
---------------------------------------------------------------------------------
Finished Renaming Generated Nets : Time (s): cpu = 00:00:31 ; elapsed = 00:00:38 . Memory (MB): peak = 1480.348 ; gain = 642.062
---------------------------------------------------------------------------------
---------------------------------------------------------------------------------
Start Writing Synthesis Report
---------------------------------------------------------------------------------

DSP Final Report (the ' indicates corresponding REG is set)
+------------+-------------+--------+--------+--------+--------+--------+------+------+------+------+-------+------+------+
|Module Name | DSP Mapping | A Size | B Size | C Size | D Size | P Size | AREG | BREG | CREG | DREG | ADREG | MREG | PREG | 
+------------+-------------+--------+--------+--------+--------+--------+------+------+------+------+-------+------+------+
|fsm_control | D+A*B       | 10     | 6      | -      | 4      | 16     | 0    | 0    | -    | 0    | 0     | 0    | 0    | 
|fsm_control | D+A*B       | 10     | 6      | -      | 4      | 16     | 0    | 0    | -    | 0    | 0     | 0    | 0    | 
|fsm_control | D+A*B       | 10     | 6      | -      | 4      | 16     | 0    | 0    | -    | 0    | 0     | 0    | 0    | 
|fsm_control | D+A*B       | 10     | 6      | -      | 4      | 16     | 0    | 0    | -    | 0    | 0     | 0    | 0    | 
|fsm_control | D+A*B       | 10     | 6      | -      | 4      | 16     | 0    | 0    | -    | 0    | 0     | 0    | 0    | 
|fsm_control | D+A*B       | 10     | 6      | -      | 4      | 16     | 0    | 0    | -    | 0    | 0     | 0    | 0    | 
|fsm_control | D+A*B       | 10     | 6      | -      | 4      | 16     | 0    | 0    | -    | 0    | 0     | 0    | 0    | 
|fsm_control | D+A*B       | 10     | 6      | -      | 4      | 16     | 0    | 0    | -    | 0    | 0     | 0    | 0    | 
|fsm_control | D+A*B       | 10     | 6      | -      | 4      | 16     | 0    | 0    | -    | 0    | 0     | 0    | 0    | 
|fsm_control | D+A*B       | 10     | 6      | -      | 4      | 16     | 0    | 0    | -    | 0    | 0     | 0    | 0    | 
+------------+-------------+--------+--------+--------+--------+--------+------+------+------+------+-------+------+------+


Report BlackBoxes: 
+-+--------------+----------+
| |BlackBox name |Instances |
+-+--------------+----------+
+-+--------------+----------+

Report Cell Usage: 
+------+---------+------+
|      |Cell     |Count |
+------+---------+------+
|1     |BUFG     |     1|
|2     |CARRY4   |    85|
|3     |DSP48E1  |    10|
|4     |LUT1     |    48|
|5     |LUT2     |    86|
|6     |LUT3     |    35|
|7     |LUT4     |   215|
|8     |LUT5     |    71|
|9     |LUT6     |   251|
|10    |MUXF7    |     5|
|11    |RAM16X1S |    12|
|12    |FDRE     |   423|
|13    |FDSE     |    57|
|14    |IBUF     |    16|
|15    |OBUF     |    27|
+------+---------+------+
---------------------------------------------------------------------------------
Finished Writing Synthesis Report : Time (s): cpu = 00:00:31 ; elapsed = 00:00:38 . Memory (MB): peak = 1480.348 ; gain = 642.062
---------------------------------------------------------------------------------
Synthesis finished with 0 errors, 0 critical warnings and 6 warnings.
Synthesis Optimization Runtime : Time (s): cpu = 00:00:25 ; elapsed = 00:00:37 . Memory (MB): peak = 1480.348 ; gain = 538.488
Synthesis Optimization Complete : Time (s): cpu = 00:00:31 ; elapsed = 00:00:38 . Memory (MB): peak = 1480.348 ; gain = 642.062
INFO: [Project 1-571] Translating synthesized netlist
Netlist sorting complete. Time (s): cpu = 00:00:00 ; elapsed = 00:00:00.013 . Memory (MB): peak = 1492.238 ; gain = 0.000
INFO: [Netlist 29-17] Analyzing 112 Unisim elements for replacement
INFO: [Netlist 29-28] Unisim Transformation completed in 0 CPU seconds
INFO: [Project 1-570] Preparing netlist for logic optimization
INFO: [Opt 31-138] Pushed 0 inverter(s) to 0 load pin(s).
Netlist sorting complete. Time (s): cpu = 00:00:00 ; elapsed = 00:00:00 . Memory (MB): peak = 1495.906 ; gain = 0.000
INFO: [Project 1-111] Unisim Transformation Summary:
  A total of 12 instances were transformed.
  RAM16X1S => RAM32X1S (RAMS32): 12 instances

Synth Design complete | Checksum: 1b6f10b6
INFO: [Common 17-83] Releasing license: Synthesis
38 Infos, 15 Warnings, 0 Critical Warnings and 0 Errors encountered.
synth_design completed successfully
synth_design: Time (s): cpu = 00:00:35 ; elapsed = 00:00:43 . Memory (MB): peak = 1495.906 ; gain = 1039.949
INFO: [Common 17-1381] The checkpoint 'C:/Users/USER/OneDrive/Desktop/smart_power_grid/smart_power_grid.runs/synth_1/top_level.dcp' has been generated.
INFO: [runtcl-4] Executing : report_utilization -file top_level_utilization_synth.rpt -pb top_level_utilization_synth.pb
INFO: [Common 17-206] Exiting Vivado at Tue Apr  7 09:39:13 2026...
