
*** Running vivado
    with args -log top_level.vdi -applog -m64 -product Vivado -messageDb vivado.pb -mode batch -source top_level.tcl -notrace


ECHO is off.
ECHO is off.

****** Vivado v2023.1 (64-bit)
  **** SW Build 3865809 on Sun May  7 15:05:29 MDT 2023
  **** IP Build 3864474 on Sun May  7 20:36:21 MDT 2023
  **** SharedData Build 3865790 on Sun May 07 13:33:03 MDT 2023
    ** Copyright 1986-2022 Xilinx, Inc. All Rights Reserved.
    ** Copyright 2022-2023 Advanced Micro Devices, Inc. All Rights Reserved.

source top_level.tcl -notrace
create_project: Time (s): cpu = 00:00:05 ; elapsed = 00:00:06 . Memory (MB): peak = 434.195 ; gain = 167.242
Command: link_design -top top_level -part xc7a35ticpg236-1L
Design is defaulting to srcset: sources_1
Design is defaulting to constrset: constrs_1
INFO: [Device 21-403] Loading part xc7a35ticpg236-1L
Netlist sorting complete. Time (s): cpu = 00:00:00 ; elapsed = 00:00:00.007 . Memory (MB): peak = 839.004 ; gain = 0.000
INFO: [Netlist 29-17] Analyzing 112 Unisim elements for replacement
INFO: [Netlist 29-28] Unisim Transformation completed in 0 CPU seconds
INFO: [Project 1-479] Netlist was created with Vivado 2023.1
INFO: [Project 1-570] Preparing netlist for logic optimization
Parsing XDC File [C:/Users/USER/OneDrive/Desktop/smart_power_grid/src/basys3_constraints.xdc]
Finished Parsing XDC File [C:/Users/USER/OneDrive/Desktop/smart_power_grid/src/basys3_constraints.xdc]
INFO: [Opt 31-138] Pushed 0 inverter(s) to 0 load pin(s).
Netlist sorting complete. Time (s): cpu = 00:00:00 ; elapsed = 00:00:00 . Memory (MB): peak = 967.660 ; gain = 0.000
INFO: [Project 1-111] Unisim Transformation Summary:
  A total of 12 instances were transformed.
  RAM16X1S => RAM32X1S (RAMS32): 12 instances

7 Infos, 0 Warnings, 0 Critical Warnings and 0 Errors encountered.
link_design completed successfully
link_design: Time (s): cpu = 00:00:03 ; elapsed = 00:00:05 . Memory (MB): peak = 967.660 ; gain = 528.621
Command: opt_design
Attempting to get a license for feature 'Implementation' and/or device 'xc7a35ti'
INFO: [Common 17-349] Got license for feature 'Implementation' and/or device 'xc7a35ti'
Running DRC as a precondition to command opt_design

Starting DRC Task
INFO: [DRC 23-27] Running DRC with 2 threads
INFO: [Project 1-461] DRC finished with 0 Errors
INFO: [Project 1-462] Please refer to the DRC report (report_drc) for more information.

Time (s): cpu = 00:00:01 ; elapsed = 00:00:00.849 . Memory (MB): peak = 991.148 ; gain = 23.488

Starting Cache Timing Information Task
INFO: [Timing 38-35] Done setting XDC timing constraints.
Ending Cache Timing Information Task | Checksum: 1040a5683

Time (s): cpu = 00:00:05 ; elapsed = 00:00:06 . Memory (MB): peak = 1511.918 ; gain = 520.770

Starting Logic Optimization Task

Phase 1 Retarget
INFO: [Opt 31-1566] Pulled 1 inverters resulting in an inversion of 3 pins
INFO: [Opt 31-138] Pushed 0 inverter(s) to 0 load pin(s).
INFO: [Opt 31-49] Retargeted 0 cell(s).
Phase 1 Retarget | Checksum: 1f52c33cc

Time (s): cpu = 00:00:00 ; elapsed = 00:00:00.081 . Memory (MB): peak = 1835.605 ; gain = 0.000
INFO: [Opt 31-389] Phase Retarget created 0 cells and removed 1 cells

Phase 2 Constant propagation
INFO: [Opt 31-138] Pushed 0 inverter(s) to 0 load pin(s).
Phase 2 Constant propagation | Checksum: 1f7f0af1f

Time (s): cpu = 00:00:00 ; elapsed = 00:00:00.095 . Memory (MB): peak = 1835.605 ; gain = 0.000
INFO: [Opt 31-389] Phase Constant propagation created 0 cells and removed 0 cells

Phase 3 Sweep
Phase 3 Sweep | Checksum: 187aef679

Time (s): cpu = 00:00:00 ; elapsed = 00:00:00.116 . Memory (MB): peak = 1835.605 ; gain = 0.000
INFO: [Opt 31-389] Phase Sweep created 10 cells and removed 0 cells

Phase 4 BUFG optimization
Phase 4 BUFG optimization | Checksum: 187aef679

Time (s): cpu = 00:00:00 ; elapsed = 00:00:00.151 . Memory (MB): peak = 1835.605 ; gain = 0.000
INFO: [Opt 31-662] Phase BUFG optimization created 0 cells of which 0 are BUFGs and removed 0 cells.

Phase 5 Shift Register Optimization
INFO: [Opt 31-1064] SRL Remap converted 0 SRLs to 0 registers and converted 0 registers of register chains to 0 SRLs
Phase 5 Shift Register Optimization | Checksum: 17fd71dce

Time (s): cpu = 00:00:00 ; elapsed = 00:00:00.205 . Memory (MB): peak = 1835.605 ; gain = 0.000
INFO: [Opt 31-389] Phase Shift Register Optimization created 0 cells and removed 0 cells

Phase 6 Post Processing Netlist
Phase 6 Post Processing Netlist | Checksum: f99e504b

Time (s): cpu = 00:00:00 ; elapsed = 00:00:00.210 . Memory (MB): peak = 1835.605 ; gain = 0.000
INFO: [Opt 31-389] Phase Post Processing Netlist created 0 cells and removed 0 cells
Opt_design Change Summary
=========================


-------------------------------------------------------------------------------------------------------------------------
|  Phase                        |  #Cells created  |  #Cells Removed  |  #Constrained objects preventing optimizations  |
-------------------------------------------------------------------------------------------------------------------------
|  Retarget                     |               0  |               1  |                                              0  |
|  Constant propagation         |               0  |               0  |                                              0  |
|  Sweep                        |              10  |               0  |                                              0  |
|  BUFG optimization            |               0  |               0  |                                              0  |
|  Shift Register Optimization  |               0  |               0  |                                              0  |
|  Post Processing Netlist      |               0  |               0  |                                              0  |
-------------------------------------------------------------------------------------------------------------------------



Starting Connectivity Check Task

Time (s): cpu = 00:00:00 ; elapsed = 00:00:00.002 . Memory (MB): peak = 1835.605 ; gain = 0.000
Ending Logic Optimization Task | Checksum: f99e504b

Time (s): cpu = 00:00:00 ; elapsed = 00:00:00.215 . Memory (MB): peak = 1835.605 ; gain = 0.000

Starting Power Optimization Task
INFO: [Pwropt 34-132] Skipping clock gating for clocks with a period < 2.00 ns.
Ending Power Optimization Task | Checksum: f99e504b

Time (s): cpu = 00:00:00 ; elapsed = 00:00:00.013 . Memory (MB): peak = 1835.605 ; gain = 0.000

Starting Final Cleanup Task
Ending Final Cleanup Task | Checksum: f99e504b

Time (s): cpu = 00:00:00 ; elapsed = 00:00:00.001 . Memory (MB): peak = 1835.605 ; gain = 0.000

Starting Netlist Obfuscation Task
Netlist sorting complete. Time (s): cpu = 00:00:00 ; elapsed = 00:00:00 . Memory (MB): peak = 1835.605 ; gain = 0.000
Ending Netlist Obfuscation Task | Checksum: f99e504b

Time (s): cpu = 00:00:00 ; elapsed = 00:00:00 . Memory (MB): peak = 1835.605 ; gain = 0.000
INFO: [Common 17-83] Releasing license: Implementation
25 Infos, 0 Warnings, 0 Critical Warnings and 0 Errors encountered.
opt_design completed successfully
opt_design: Time (s): cpu = 00:00:09 ; elapsed = 00:00:10 . Memory (MB): peak = 1835.605 ; gain = 867.945
INFO: [runtcl-4] Executing : report_drc -file top_level_drc_opted.rpt -pb top_level_drc_opted.pb -rpx top_level_drc_opted.rpx
Command: report_drc -file top_level_drc_opted.rpt -pb top_level_drc_opted.pb -rpx top_level_drc_opted.rpx
INFO: [IP_Flow 19-234] Refreshing IP repositories
INFO: [IP_Flow 19-1704] No user IP repositories specified
INFO: [IP_Flow 19-2313] Loaded Vivado IP repository 'E:/vivado_downloads/Vivado/2023.1/data/ip'.
INFO: [DRC 23-27] Running DRC with 2 threads
INFO: [Vivado_Tcl 2-168] The results of DRC are in file C:/Users/USER/OneDrive/Desktop/smart_power_grid/smart_power_grid.runs/impl_1/top_level_drc_opted.rpt.
report_drc completed successfully
INFO: [Timing 38-480] Writing timing data to binary archive.
Writing XDEF routing.
Writing XDEF routing logical nets.
Writing XDEF routing special nets.
Write XDEF Complete: Time (s): cpu = 00:00:00 ; elapsed = 00:00:00.052 . Memory (MB): peak = 1835.605 ; gain = 0.000
INFO: [Common 17-1381] The checkpoint 'C:/Users/USER/OneDrive/Desktop/smart_power_grid/smart_power_grid.runs/impl_1/top_level_opt.dcp' has been generated.
Command: place_design
Attempting to get a license for feature 'Implementation' and/or device 'xc7a35ti'
INFO: [Common 17-349] Got license for feature 'Implementation' and/or device 'xc7a35ti'
INFO: [DRC 23-27] Running DRC with 2 threads
INFO: [Vivado_Tcl 4-198] DRC finished with 0 Errors
INFO: [Vivado_Tcl 4-199] Please refer to the DRC report (report_drc) for more information.
Running DRC as a precondition to command place_design
INFO: [DRC 23-27] Running DRC with 2 threads
INFO: [Vivado_Tcl 4-198] DRC finished with 0 Errors
INFO: [Vivado_Tcl 4-199] Please refer to the DRC report (report_drc) for more information.

Starting Placer Task
INFO: [Place 30-611] Multithreading enabled for place_design using a maximum of 2 CPUs

Phase 1 Placer Initialization

Phase 1.1 Placer Initialization Netlist Sorting
Netlist sorting complete. Time (s): cpu = 00:00:00 ; elapsed = 00:00:00 . Memory (MB): peak = 1835.605 ; gain = 0.000
Phase 1.1 Placer Initialization Netlist Sorting | Checksum: 9d4345c5

Time (s): cpu = 00:00:00 ; elapsed = 00:00:00.017 . Memory (MB): peak = 1835.605 ; gain = 0.000
Netlist sorting complete. Time (s): cpu = 00:00:00 ; elapsed = 00:00:00 . Memory (MB): peak = 1835.605 ; gain = 0.000

Phase 1.2 IO Placement/ Clock Placement/ Build Placer Device
INFO: [Timing 38-35] Done setting XDC timing constraints.
Phase 1.2 IO Placement/ Clock Placement/ Build Placer Device | Checksum: 1a3d1bcab

Time (s): cpu = 00:00:00 ; elapsed = 00:00:00.355 . Memory (MB): peak = 1835.605 ; gain = 0.000

Phase 1.3 Build Placer Netlist Model
Phase 1.3 Build Placer Netlist Model | Checksum: 1b4d2f04c

Time (s): cpu = 00:00:00 ; elapsed = 00:00:00.644 . Memory (MB): peak = 1835.605 ; gain = 0.000

Phase 1.4 Constrain Clocks/Macros
Phase 1.4 Constrain Clocks/Macros | Checksum: 1b4d2f04c

Time (s): cpu = 00:00:00 ; elapsed = 00:00:00.648 . Memory (MB): peak = 1835.605 ; gain = 0.000
Phase 1 Placer Initialization | Checksum: 1b4d2f04c

Time (s): cpu = 00:00:00 ; elapsed = 00:00:00.658 . Memory (MB): peak = 1835.605 ; gain = 0.000

Phase 2 Global Placement

Phase 2.1 Floorplanning
Phase 2.1 Floorplanning | Checksum: 1e1f29838

Time (s): cpu = 00:00:01 ; elapsed = 00:00:00.800 . Memory (MB): peak = 1835.605 ; gain = 0.000

Phase 2.2 Update Timing before SLR Path Opt
Phase 2.2 Update Timing before SLR Path Opt | Checksum: 28c157b46

Time (s): cpu = 00:00:01 ; elapsed = 00:00:00.868 . Memory (MB): peak = 1835.605 ; gain = 0.000

Phase 2.3 Post-Processing in Floorplanning
Phase 2.3 Post-Processing in Floorplanning | Checksum: 28c157b46

Time (s): cpu = 00:00:01 ; elapsed = 00:00:00.873 . Memory (MB): peak = 1835.605 ; gain = 0.000

Phase 2.4 Global Placement Core

Phase 2.4.1 UpdateTiming Before Physical Synthesis
Phase 2.4.1 UpdateTiming Before Physical Synthesis | Checksum: 1c42cac81

Time (s): cpu = 00:00:02 ; elapsed = 00:00:03 . Memory (MB): peak = 1835.605 ; gain = 0.000

Phase 2.4.2 Physical Synthesis In Placer
INFO: [Physopt 32-1035] Found 0 LUTNM shape to break, 21 LUT instances to create LUTNM shape
INFO: [Physopt 32-1044] Break lutnm for timing: one critical 0, two critical 0, total 0, new lutff created 0
INFO: [Physopt 32-1138] End 1 Pass. Optimized 8 nets or LUTs. Breaked 0 LUT, combined 8 existing LUTs and moved 0 existing LUT
INFO: [Physopt 32-65] No nets found for high-fanout optimization.
INFO: [Physopt 32-232] Optimized 0 net. Created 0 new instance.
INFO: [Physopt 32-775] End 1 Pass. Optimized 0 net or cell. Created 0 new cell, deleted 0 existing cell and moved 0 existing cell
INFO: [Physopt 32-456] No candidate cells for DSP register optimization found in the design.
INFO: [Physopt 32-775] End 2 Pass. Optimized 0 net or cell. Created 0 new cell, deleted 0 existing cell and moved 0 existing cell
INFO: [Physopt 32-1123] No candidate cells found for Shift Register to Pipeline optimization
INFO: [Physopt 32-775] End 2 Pass. Optimized 0 net or cell. Created 0 new cell, deleted 0 existing cell and moved 0 existing cell
INFO: [Physopt 32-677] No candidate cells for Shift Register optimization found in the design
INFO: [Physopt 32-775] End 1 Pass. Optimized 0 net or cell. Created 0 new cell, deleted 0 existing cell and moved 0 existing cell
INFO: [Physopt 32-526] No candidate cells for BRAM register optimization found in the design
INFO: [Physopt 32-775] End 1 Pass. Optimized 0 net or cell. Created 0 new cell, deleted 0 existing cell and moved 0 existing cell
INFO: [Physopt 32-846] No candidate cells for URAM register optimization found in the design
INFO: [Physopt 32-775] End 1 Pass. Optimized 0 net or cell. Created 0 new cell, deleted 0 existing cell and moved 0 existing cell
INFO: [Physopt 32-846] No candidate cells for URAM register optimization found in the design
INFO: [Physopt 32-775] End 1 Pass. Optimized 0 net or cell. Created 0 new cell, deleted 0 existing cell and moved 0 existing cell
INFO: [Physopt 32-949] No candidate nets found for dynamic/static region interface net replication
INFO: [Physopt 32-775] End 1 Pass. Optimized 0 net or cell. Created 0 new cell, deleted 0 existing cell and moved 0 existing cell
Netlist sorting complete. Time (s): cpu = 00:00:00 ; elapsed = 00:00:00 . Memory (MB): peak = 1835.605 ; gain = 0.000

Summary of Physical Synthesis Optimizations
============================================


-----------------------------------------------------------------------------------------------------------------------------------------------------------
|  Optimization                                     |  Added Cells  |  Removed Cells  |  Optimized Cells/Nets  |  Dont Touch  |  Iterations  |  Elapsed   |
-----------------------------------------------------------------------------------------------------------------------------------------------------------
|  LUT Combining                                    |            0  |              8  |                     8  |           0  |           1  |  00:00:00  |
|  Retime                                           |            0  |              0  |                     0  |           0  |           1  |  00:00:00  |
|  Very High Fanout                                 |            0  |              0  |                     0  |           0  |           1  |  00:00:00  |
|  DSP Register                                     |            0  |              0  |                     0  |           0  |           1  |  00:00:00  |
|  Shift Register to Pipeline                       |            0  |              0  |                     0  |           0  |           1  |  00:00:00  |
|  Shift Register                                   |            0  |              0  |                     0  |           0  |           1  |  00:00:00  |
|  BRAM Register                                    |            0  |              0  |                     0  |           0  |           1  |  00:00:00  |
|  URAM Register                                    |            0  |              0  |                     0  |           0  |           1  |  00:00:00  |
|  Dynamic/Static Region Interface Net Replication  |            0  |              0  |                     0  |           0  |           1  |  00:00:00  |
|  Total                                            |            0  |              8  |                     8  |           0  |           9  |  00:00:00  |
-----------------------------------------------------------------------------------------------------------------------------------------------------------


Phase 2.4.2 Physical Synthesis In Placer | Checksum: 13132c4c5

Time (s): cpu = 00:00:02 ; elapsed = 00:00:03 . Memory (MB): peak = 1835.605 ; gain = 0.000
Phase 2.4 Global Placement Core | Checksum: 1b325c1a3

Time (s): cpu = 00:00:02 ; elapsed = 00:00:03 . Memory (MB): peak = 1835.605 ; gain = 0.000
Phase 2 Global Placement | Checksum: 1b325c1a3

Time (s): cpu = 00:00:02 ; elapsed = 00:00:03 . Memory (MB): peak = 1835.605 ; gain = 0.000

Phase 3 Detail Placement

Phase 3.1 Commit Multi Column Macros
Phase 3.1 Commit Multi Column Macros | Checksum: f6f817bb

Time (s): cpu = 00:00:02 ; elapsed = 00:00:03 . Memory (MB): peak = 1835.605 ; gain = 0.000

Phase 3.2 Commit Most Macros & LUTRAMs
Phase 3.2 Commit Most Macros & LUTRAMs | Checksum: 1616dc816

Time (s): cpu = 00:00:02 ; elapsed = 00:00:04 . Memory (MB): peak = 1835.605 ; gain = 0.000

Phase 3.3 Area Swap Optimization
Phase 3.3 Area Swap Optimization | Checksum: 186b62649

Time (s): cpu = 00:00:02 ; elapsed = 00:00:04 . Memory (MB): peak = 1835.605 ; gain = 0.000

Phase 3.4 Pipeline Register Optimization
Phase 3.4 Pipeline Register Optimization | Checksum: 1af25343c

Time (s): cpu = 00:00:02 ; elapsed = 00:00:04 . Memory (MB): peak = 1835.605 ; gain = 0.000

Phase 3.5 Fast Optimization
Phase 3.5 Fast Optimization | Checksum: 13c046a29

Time (s): cpu = 00:00:02 ; elapsed = 00:00:04 . Memory (MB): peak = 1835.605 ; gain = 0.000

Phase 3.6 Small Shape Detail Placement
Phase 3.6 Small Shape Detail Placement | Checksum: 232e59a18

Time (s): cpu = 00:00:02 ; elapsed = 00:00:05 . Memory (MB): peak = 1835.605 ; gain = 0.000

Phase 3.7 Re-assign LUT pins
Phase 3.7 Re-assign LUT pins | Checksum: 19aa23c18

Time (s): cpu = 00:00:02 ; elapsed = 00:00:05 . Memory (MB): peak = 1835.605 ; gain = 0.000

Phase 3.8 Pipeline Register Optimization
Phase 3.8 Pipeline Register Optimization | Checksum: 142114a27

Time (s): cpu = 00:00:02 ; elapsed = 00:00:05 . Memory (MB): peak = 1835.605 ; gain = 0.000

Phase 3.9 Fast Optimization
Phase 3.9 Fast Optimization | Checksum: 126279252

Time (s): cpu = 00:00:03 ; elapsed = 00:00:06 . Memory (MB): peak = 1835.605 ; gain = 0.000
Phase 3 Detail Placement | Checksum: 126279252

Time (s): cpu = 00:00:03 ; elapsed = 00:00:06 . Memory (MB): peak = 1835.605 ; gain = 0.000

Phase 4 Post Placement Optimization and Clean-Up

Phase 4.1 Post Commit Optimization
INFO: [Timing 38-35] Done setting XDC timing constraints.

Phase 4.1.1 Post Placement Optimization
Post Placement Optimization Initialization | Checksum: 152028a1a

Phase 4.1.1.1 BUFG Insertion

Starting Physical Synthesis Task

Phase 1 Physical Synthesis Initialization
INFO: [Physopt 32-721] Multithreading enabled for phys_opt_design using a maximum of 2 CPUs
INFO: [Physopt 32-619] Estimated Timing Summary | WNS=-2.466 | TNS=-22.687 |
Phase 1 Physical Synthesis Initialization | Checksum: 10ef90391

Time (s): cpu = 00:00:00 ; elapsed = 00:00:00.062 . Memory (MB): peak = 1835.605 ; gain = 0.000
INFO: [Place 46-56] BUFG insertion identified 0 candidate nets. Inserted BUFG: 0, Replicated BUFG Driver: 0, Skipped due to Placement/Routing Conflicts: 0, Skipped due to Timing Degradation: 0, Skipped due to netlist editing failed: 0.
Ending Physical Synthesis Task | Checksum: 10ef90391

Time (s): cpu = 00:00:00 ; elapsed = 00:00:00.073 . Memory (MB): peak = 1835.605 ; gain = 0.000
Phase 4.1.1.1 BUFG Insertion | Checksum: 152028a1a

Time (s): cpu = 00:00:03 ; elapsed = 00:00:06 . Memory (MB): peak = 1835.605 ; gain = 0.000

Phase 4.1.1.2 Post Placement Timing Optimization
INFO: [Place 30-746] Post Placement Timing Summary WNS=-1.842. For the most accurate timing information please run report_timing.
Phase 4.1.1.2 Post Placement Timing Optimization | Checksum: 87f95321

Time (s): cpu = 00:00:07 ; elapsed = 00:00:13 . Memory (MB): peak = 1835.605 ; gain = 0.000

Time (s): cpu = 00:00:07 ; elapsed = 00:00:13 . Memory (MB): peak = 1835.605 ; gain = 0.000
Phase 4.1 Post Commit Optimization | Checksum: 87f95321

Time (s): cpu = 00:00:07 ; elapsed = 00:00:13 . Memory (MB): peak = 1835.605 ; gain = 0.000

Phase 4.2 Post Placement Cleanup
Phase 4.2 Post Placement Cleanup | Checksum: 87f95321

Time (s): cpu = 00:00:07 ; elapsed = 00:00:13 . Memory (MB): peak = 1835.605 ; gain = 0.000

Phase 4.3 Placer Reporting

Phase 4.3.1 Print Estimated Congestion
INFO: [Place 30-612] Post-Placement Estimated Congestion 
 ____________________________________________________
|           | Global Congestion | Short Congestion  |
| Direction | Region Size       | Region Size       |
|___________|___________________|___________________|
|      North|                1x1|                1x1|
|___________|___________________|___________________|
|      South|                1x1|                1x1|
|___________|___________________|___________________|
|       East|                1x1|                1x1|
|___________|___________________|___________________|
|       West|                1x1|                1x1|
|___________|___________________|___________________|

Phase 4.3.1 Print Estimated Congestion | Checksum: 87f95321

Time (s): cpu = 00:00:07 ; elapsed = 00:00:13 . Memory (MB): peak = 1835.605 ; gain = 0.000
Phase 4.3 Placer Reporting | Checksum: 87f95321

Time (s): cpu = 00:00:07 ; elapsed = 00:00:13 . Memory (MB): peak = 1835.605 ; gain = 0.000

Phase 4.4 Final Placement Cleanup
Netlist sorting complete. Time (s): cpu = 00:00:00 ; elapsed = 00:00:00.001 . Memory (MB): peak = 1835.605 ; gain = 0.000

Time (s): cpu = 00:00:07 ; elapsed = 00:00:13 . Memory (MB): peak = 1835.605 ; gain = 0.000
Phase 4 Post Placement Optimization and Clean-Up | Checksum: 16c77b565

Time (s): cpu = 00:00:07 ; elapsed = 00:00:13 . Memory (MB): peak = 1835.605 ; gain = 0.000
Ending Placer Task | Checksum: 1345bf548

Time (s): cpu = 00:00:07 ; elapsed = 00:00:13 . Memory (MB): peak = 1835.605 ; gain = 0.000
INFO: [Common 17-83] Releasing license: Implementation
69 Infos, 0 Warnings, 0 Critical Warnings and 0 Errors encountered.
place_design completed successfully
place_design: Time (s): cpu = 00:00:08 ; elapsed = 00:00:14 . Memory (MB): peak = 1835.605 ; gain = 0.000
INFO: [runtcl-4] Executing : report_io -file top_level_io_placed.rpt
report_io: Time (s): cpu = 00:00:00 ; elapsed = 00:00:00.047 . Memory (MB): peak = 1835.605 ; gain = 0.000
INFO: [runtcl-4] Executing : report_utilization -file top_level_utilization_placed.rpt -pb top_level_utilization_placed.pb
INFO: [runtcl-4] Executing : report_control_sets -verbose -file top_level_control_sets_placed.rpt
report_control_sets: Time (s): cpu = 00:00:00 ; elapsed = 00:00:00.006 . Memory (MB): peak = 1835.605 ; gain = 0.000
INFO: [Timing 38-480] Writing timing data to binary archive.
Writing XDEF routing.
Writing XDEF routing logical nets.
Writing XDEF routing special nets.
Write XDEF Complete: Time (s): cpu = 00:00:00 ; elapsed = 00:00:00.141 . Memory (MB): peak = 1835.605 ; gain = 0.000
INFO: [Common 17-1381] The checkpoint 'C:/Users/USER/OneDrive/Desktop/smart_power_grid/smart_power_grid.runs/impl_1/top_level_placed.dcp' has been generated.
Command: phys_opt_design
Attempting to get a license for feature 'Implementation' and/or device 'xc7a35ti'
INFO: [Common 17-349] Got license for feature 'Implementation' and/or device 'xc7a35ti'

Starting Initial Update Timing Task

Time (s): cpu = 00:00:00 ; elapsed = 00:00:00.144 . Memory (MB): peak = 1842.086 ; gain = 6.480
INFO: [Vivado_Tcl 4-1435] PhysOpt_Tcl_Interface Runtime Before Starting Physical Synthesis Task | CPU: 0.00s |  WALL: 0.16s
Netlist sorting complete. Time (s): cpu = 00:00:00 ; elapsed = 00:00:00.001 . Memory (MB): peak = 1842.086 ; gain = 0.000

Starting Physical Synthesis Task

Phase 1 Physical Synthesis Initialization
INFO: [Physopt 32-721] Multithreading enabled for phys_opt_design using a maximum of 2 CPUs
INFO: [Physopt 32-619] Estimated Timing Summary | WNS=-1.842 | TNS=-18.349 |
Phase 1 Physical Synthesis Initialization | Checksum: c50395ff

Time (s): cpu = 00:00:00 ; elapsed = 00:00:00.161 . Memory (MB): peak = 1842.094 ; gain = 0.008
INFO: [Physopt 32-619] Estimated Timing Summary | WNS=-1.842 | TNS=-18.349 |

Phase 2 DSP Register Optimization
INFO: [Physopt 32-456] No candidate cells for DSP register optimization found in the design.
INFO: [Physopt 32-775] End 2 Pass. Optimized 0 net or cell. Created 0 new cell, deleted 0 existing cell and moved 0 existing cell
Phase 2 DSP Register Optimization | Checksum: c50395ff

Time (s): cpu = 00:00:00 ; elapsed = 00:00:00.170 . Memory (MB): peak = 1842.094 ; gain = 0.008

Phase 3 Critical Path Optimization
INFO: [Physopt 32-619] Estimated Timing Summary | WNS=-1.842 | TNS=-18.349 |
INFO: [Physopt 32-702] Processed net u_fsm/area_ptr_reg_n_0_[0]. Optimizations did not improve timing on the net.
INFO: [Physopt 32-663] Processed net u_fsm/cached_priority_reg[6]_17[1].  Re-placed instance u_fsm/cached_priority_reg[6][1]
INFO: [Physopt 32-735] Processed net u_fsm/cached_priority_reg[6]_17[1]. Optimization improves timing on the net.
INFO: [Physopt 32-619] Estimated Timing Summary | WNS=-1.839 | TNS=-18.316 |
INFO: [Physopt 32-81] Processed net u_fsm/cached_priority_reg[6]_17[1]. Replicated 1 times.
INFO: [Physopt 32-735] Processed net u_fsm/cached_priority_reg[6]_17[1]. Optimization improves timing on the net.
INFO: [Physopt 32-619] Estimated Timing Summary | WNS=-1.829 | TNS=-18.206 |
INFO: [Physopt 32-702] Processed net u_fsm/cached_priority_reg[6]_17[1]_repN. Optimizations did not improve timing on the net.
INFO: [Physopt 32-710] Processed net u_fsm/area_ptr. Critical path length was reduced through logic transformation on cell u_fsm/area_ptr[3]_i_1_comp.
INFO: [Physopt 32-735] Processed net u_fsm/area_ptr[3]_i_4_n_0. Optimization improves timing on the net.
INFO: [Physopt 32-619] Estimated Timing Summary | WNS=-1.671 | TNS=-17.570 |
INFO: [Physopt 32-702] Processed net u_fsm/area_phase_reg_n_0_[1]. Optimizations did not improve timing on the net.
INFO: [Physopt 32-702] Processed net u_fsm/area_phase[2]_i_2_n_0. Optimizations did not improve timing on the net.
INFO: [Physopt 32-702] Processed net u_fsm/FSM_sequential_fsm_state[0]_i_2_n_0. Optimizations did not improve timing on the net.
INFO: [Physopt 32-710] Processed net u_fsm/FSM_sequential_fsm_state[0]_i_2_n_0. Critical path length was reduced through logic transformation on cell u_fsm/FSM_sequential_fsm_state[0]_i_2_comp.
INFO: [Physopt 32-735] Processed net u_fsm/all_off_reg_i_2_n_0. Optimization improves timing on the net.
INFO: [Physopt 32-619] Estimated Timing Summary | WNS=-1.668 | TNS=-17.495 |
INFO: [Physopt 32-710] Processed net u_fsm/area_ptr. Critical path length was reduced through logic transformation on cell u_fsm/area_ptr[3]_i_1_comp_1.
INFO: [Physopt 32-735] Processed net u_fsm/area_ptr[3]_i_6_n_0. Optimization improves timing on the net.
INFO: [Physopt 32-619] Estimated Timing Summary | WNS=-1.650 | TNS=-15.899 |
INFO: [Physopt 32-663] Processed net u_fsm/cached_priority_reg[4]_15[0].  Re-placed instance u_fsm/cached_priority_reg[4][0]
INFO: [Physopt 32-735] Processed net u_fsm/cached_priority_reg[4]_15[0]. Optimization improves timing on the net.
INFO: [Physopt 32-619] Estimated Timing Summary | WNS=-1.636 | TNS=-15.857 |
INFO: [Physopt 32-702] Processed net u_fsm/cached_priority_reg[1]_12[2]. Optimizations did not improve timing on the net.
INFO: [Physopt 32-608] Optimized 1 net.  Swapped 6 pins.
INFO: [Physopt 32-735] Processed net u_fsm/all_off_reg_i_2_n_0_repN. Optimization improves timing on the net.
INFO: [Physopt 32-619] Estimated Timing Summary | WNS=-1.607 | TNS=-15.770 |
INFO: [Physopt 32-608] Optimized 1 net.  Swapped 6 pins.
INFO: [Physopt 32-735] Processed net u_fsm/all_off_reg_i_2_n_0_repN. Optimization improves timing on the net.
INFO: [Physopt 32-619] Estimated Timing Summary | WNS=-1.584 | TNS=-15.551 |
INFO: [Physopt 32-702] Processed net u_fsm/FSM_sequential_fsm_state_reg[1]_0[0]. Optimizations did not improve timing on the net.
INFO: [Physopt 32-702] Processed net u_fsm/FSM_sequential_fsm_state[2]_i_2_n_0. Optimizations did not improve timing on the net.
INFO: [Physopt 32-710] Processed net u_fsm/FSM_sequential_fsm_state[2]_i_2_n_0. Critical path length was reduced through logic transformation on cell u_fsm/FSM_sequential_fsm_state[2]_i_2_comp.
INFO: [Physopt 32-735] Processed net u_fsm/FSM_sequential_fsm_state[2]_i_4_n_0. Optimization improves timing on the net.
INFO: [Physopt 32-619] Estimated Timing Summary | WNS=-1.547 | TNS=-15.440 |
INFO: [Physopt 32-663] Processed net u_fsm/all_off_reg_i_2_n_0.  Re-placed instance u_fsm/all_off_reg_i_2
INFO: [Physopt 32-735] Processed net u_fsm/all_off_reg_i_2_n_0. Optimization improves timing on the net.
INFO: [Physopt 32-619] Estimated Timing Summary | WNS=-1.546 | TNS=-15.993 |
INFO: [Physopt 32-663] Processed net u_fsm/cached_priority_reg[2]_13[3].  Re-placed instance u_fsm/cached_priority_reg[2][3]
INFO: [Physopt 32-735] Processed net u_fsm/cached_priority_reg[2]_13[3]. Optimization improves timing on the net.
INFO: [Physopt 32-619] Estimated Timing Summary | WNS=-1.544 | TNS=-15.987 |
INFO: [Physopt 32-81] Processed net u_fsm/cached_priority_reg[2]_13[3]. Replicated 1 times.
INFO: [Physopt 32-735] Processed net u_fsm/cached_priority_reg[2]_13[3]. Optimization improves timing on the net.
INFO: [Physopt 32-619] Estimated Timing Summary | WNS=-1.534 | TNS=-15.957 |
INFO: [Physopt 32-81] Processed net u_fsm/cached_priority_reg[8]_19[1]. Replicated 1 times.
INFO: [Physopt 32-735] Processed net u_fsm/cached_priority_reg[8]_19[1]. Optimization improves timing on the net.
INFO: [Physopt 32-619] Estimated Timing Summary | WNS=-1.534 | TNS=-15.939 |
INFO: [Physopt 32-702] Processed net u_fsm/cached_priority_reg[2]_13[3]_repN. Optimizations did not improve timing on the net.
INFO: [Physopt 32-663] Processed net u_fsm/FSM_sequential_fsm_state[2]_i_6_n_0.  Re-placed instance u_fsm/FSM_sequential_fsm_state[2]_i_6
INFO: [Physopt 32-735] Processed net u_fsm/FSM_sequential_fsm_state[2]_i_6_n_0. Optimization improves timing on the net.
INFO: [Physopt 32-619] Estimated Timing Summary | WNS=-1.528 | TNS=-15.462 |
INFO: [Physopt 32-663] Processed net u_fsm/cached_priority_reg[4]_15[3].  Re-placed instance u_fsm/cached_priority_reg[4][3]
INFO: [Physopt 32-735] Processed net u_fsm/cached_priority_reg[4]_15[3]. Optimization improves timing on the net.
INFO: [Physopt 32-619] Estimated Timing Summary | WNS=-1.524 | TNS=-15.450 |
INFO: [Physopt 32-702] Processed net u_fsm/cached_priority_reg[8]_19[1]_repN. Optimizations did not improve timing on the net.
INFO: [Physopt 32-702] Processed net u_fsm/all_off_reg_i_2_n_0_repN. Optimizations did not improve timing on the net.
INFO: [Physopt 32-702] Processed net u_fsm/computed_status[8]. Optimizations did not improve timing on the net.
INFO: [Physopt 32-702] Processed net u_fsm/computed_status0_inferred__7/i__carry_n_0. Optimizations did not improve timing on the net.
INFO: [Physopt 32-608] Optimized 1 net.  Swapped 34 pins.
INFO: [Physopt 32-735] Processed net u_fsm/i__carry_i_7__6_n_0. Optimization improves timing on the net.
INFO: [Physopt 32-619] Estimated Timing Summary | WNS=-1.523 | TNS=-15.447 |
INFO: [Physopt 32-702] Processed net u_fsm/cached_priority_reg[7]_18[3]. Optimizations did not improve timing on the net.
INFO: [Physopt 32-702] Processed net u_fsm/computed_status[7]. Optimizations did not improve timing on the net.
INFO: [Physopt 32-702] Processed net u_fsm/computed_status0_inferred__6/i__carry_n_0. Optimizations did not improve timing on the net.
INFO: [Physopt 32-608] Optimized 1 net.  Swapped 34 pins.
INFO: [Physopt 32-735] Processed net u_fsm/i__carry_i_7__5_n_0. Optimization improves timing on the net.
INFO: [Physopt 32-619] Estimated Timing Summary | WNS=-1.513 | TNS=-15.401 |
INFO: [Physopt 32-663] Processed net u_fsm/cached_priority_reg[4]_15[2].  Re-placed instance u_fsm/cached_priority_reg[4][2]
INFO: [Physopt 32-735] Processed net u_fsm/cached_priority_reg[4]_15[2]. Optimization improves timing on the net.
INFO: [Physopt 32-619] Estimated Timing Summary | WNS=-1.507 | TNS=-15.383 |
INFO: [Physopt 32-608] Optimized 1 net.  Swapped 34 pins.
INFO: [Physopt 32-735] Processed net u_fsm/i__carry_i_5__5_n_0. Optimization improves timing on the net.
INFO: [Physopt 32-619] Estimated Timing Summary | WNS=-1.499 | TNS=-15.351 |
INFO: [Physopt 32-608] Optimized 1 net.  Swapped 34 pins.
INFO: [Physopt 32-735] Processed net u_fsm/i__carry_i_8__5_n_0. Optimization improves timing on the net.
INFO: [Physopt 32-619] Estimated Timing Summary | WNS=-1.496 | TNS=-15.339 |
INFO: [Physopt 32-608] Optimized 1 net.  Swapped 34 pins.
INFO: [Physopt 32-735] Processed net u_fsm/i__carry_i_6__5_n_0. Optimization improves timing on the net.
INFO: [Physopt 32-619] Estimated Timing Summary | WNS=-1.482 | TNS=-15.108 |
INFO: [Physopt 32-663] Processed net u_fsm/cached_priority_reg[4]_15[1].  Re-placed instance u_fsm/cached_priority_reg[4][1]
INFO: [Physopt 32-735] Processed net u_fsm/cached_priority_reg[4]_15[1]. Optimization improves timing on the net.
INFO: [Physopt 32-619] Estimated Timing Summary | WNS=-1.445 | TNS=-14.997 |
INFO: [Physopt 32-608] Optimized 1 net.  Swapped 34 pins.
INFO: [Physopt 32-735] Processed net u_fsm/i__carry_i_5__6_n_0. Optimization improves timing on the net.
INFO: [Physopt 32-619] Estimated Timing Summary | WNS=-1.408 | TNS=-14.886 |
INFO: [Physopt 32-81] Processed net u_fsm/cached_priority_reg[4]_15[0]. Replicated 1 times.
INFO: [Physopt 32-735] Processed net u_fsm/cached_priority_reg[4]_15[0]. Optimization improves timing on the net.
INFO: [Physopt 32-619] Estimated Timing Summary | WNS=-1.400 | TNS=-14.862 |
INFO: [Physopt 32-702] Processed net u_fsm/cached_priority_reg[4]_15[0]_repN. Optimizations did not improve timing on the net.
INFO: [Physopt 32-702] Processed net u_fsm/computed_status[4]. Optimizations did not improve timing on the net.
INFO: [Physopt 32-702] Processed net u_fsm/computed_status0_inferred__3/i__carry_n_0. Optimizations did not improve timing on the net.
INFO: [Physopt 32-608] Optimized 1 net.  Swapped 34 pins.
INFO: [Physopt 32-735] Processed net u_fsm/i__carry_i_7__2_n_0. Optimization improves timing on the net.
INFO: [Physopt 32-619] Estimated Timing Summary | WNS=-1.385 | TNS=-14.817 |
INFO: [Physopt 32-608] Optimized 1 net.  Swapped 34 pins.
INFO: [Physopt 32-735] Processed net u_fsm/i__carry_i_8__6_n_0. Optimization improves timing on the net.
INFO: [Physopt 32-619] Estimated Timing Summary | WNS=-1.379 | TNS=-14.799 |
INFO: [Physopt 32-608] Optimized 1 net.  Swapped 34 pins.
INFO: [Physopt 32-735] Processed net u_fsm/i__carry_i_8__2_n_0. Optimization improves timing on the net.
INFO: [Physopt 32-619] Estimated Timing Summary | WNS=-1.375 | TNS=-14.787 |
INFO: [Physopt 32-702] Processed net u_fsm/computed_status[1]. Optimizations did not improve timing on the net.
INFO: [Physopt 32-702] Processed net u_fsm/computed_status0_inferred__0/i__carry_n_0. Optimizations did not improve timing on the net.
INFO: [Physopt 32-608] Optimized 1 net.  Swapped 34 pins.
INFO: [Physopt 32-735] Processed net u_fsm/i__carry_i_7_n_0. Optimization improves timing on the net.
INFO: [Physopt 32-619] Estimated Timing Summary | WNS=-1.375 | TNS=-14.775 |
INFO: [Physopt 32-81] Processed net u_fsm/all_off_reg_i_2_n_0. Replicated 1 times.
INFO: [Physopt 32-735] Processed net u_fsm/all_off_reg_i_2_n_0. Optimization improves timing on the net.
INFO: [Physopt 32-619] Estimated Timing Summary | WNS=-1.371 | TNS=-14.025 |
INFO: [Physopt 32-608] Optimized 1 net.  Swapped 34 pins.
INFO: [Physopt 32-735] Processed net u_fsm/i__carry_i_6__6_n_0. Optimization improves timing on the net.
INFO: [Physopt 32-619] Estimated Timing Summary | WNS=-1.359 | TNS=-13.887 |
INFO: [Physopt 32-608] Optimized 1 net.  Swapped 6 pins.
INFO: [Physopt 32-735] Processed net u_fsm/all_off_reg_i_2_n_0_repN_1. Optimization improves timing on the net.
INFO: [Physopt 32-619] Estimated Timing Summary | WNS=-1.325 | TNS=-13.605 |
INFO: [Physopt 32-608] Optimized 1 net.  Swapped 34 pins.
INFO: [Physopt 32-735] Processed net u_fsm/i__carry_i_5_n_0. Optimization improves timing on the net.
INFO: [Physopt 32-619] Estimated Timing Summary | WNS=-1.320 | TNS=-13.590 |
INFO: [Physopt 32-702] Processed net u_fsm/i__carry_i_7__6_n_0. Optimizations did not improve timing on the net.
INFO: [Physopt 32-702] Processed net u_fsm/area_phase[1]_i_1_n_0. Optimizations did not improve timing on the net.
INFO: [Physopt 32-663] Processed net u_fsm/thresh[8]_i_3_n_0.  Re-placed instance u_fsm/thresh[8]_i_3
INFO: [Physopt 32-735] Processed net u_fsm/thresh[8]_i_3_n_0. Optimization improves timing on the net.
INFO: [Physopt 32-619] Estimated Timing Summary | WNS=-1.320 | TNS=-13.590 |
INFO: [Physopt 32-663] Processed net u_fsm/cached_priority_reg[0]_11[0].  Re-placed instance u_fsm/cached_priority_reg[0][0]
INFO: [Physopt 32-735] Processed net u_fsm/cached_priority_reg[0]_11[0]. Optimization improves timing on the net.
INFO: [Physopt 32-619] Estimated Timing Summary | WNS=-1.311 | TNS=-13.563 |
INFO: [Physopt 32-702] Processed net u_fsm/i__carry_i_7__5_n_0. Optimizations did not improve timing on the net.
INFO: [Physopt 32-663] Processed net u_fsm/thresh[7]_i_1_n_0.  Re-placed instance u_fsm/thresh[7]_i_1
INFO: [Physopt 32-735] Processed net u_fsm/thresh[7]_i_1_n_0. Optimization improves timing on the net.
INFO: [Physopt 32-619] Estimated Timing Summary | WNS=-1.288 | TNS=-13.432 |
INFO: [Physopt 32-81] Processed net u_fsm/cached_priority_reg[0]_11[3]. Replicated 1 times.
INFO: [Physopt 32-735] Processed net u_fsm/cached_priority_reg[0]_11[3]. Optimization improves timing on the net.
INFO: [Physopt 32-619] Estimated Timing Summary | WNS=-1.276 | TNS=-13.396 |
INFO: [Physopt 32-702] Processed net u_fsm/cached_priority_reg[0]_11[3]_repN. Optimizations did not improve timing on the net.
INFO: [Physopt 32-702] Processed net u_fsm/computed_status[0]. Optimizations did not improve timing on the net.
INFO: [Physopt 32-702] Processed net u_fsm/computed_status0_carry_n_0. Optimizations did not improve timing on the net.
INFO: [Physopt 32-608] Optimized 1 net.  Swapped 34 pins.
INFO: [Physopt 32-735] Processed net u_fsm/computed_status0_carry_i_7_n_0. Optimization improves timing on the net.
INFO: [Physopt 32-619] Estimated Timing Summary | WNS=-1.268 | TNS=-13.372 |
INFO: [Physopt 32-663] Processed net u_fsm/cached_priority_reg[8]_19[3].  Re-placed instance u_fsm/cached_priority_reg[8][3]
INFO: [Physopt 32-735] Processed net u_fsm/cached_priority_reg[8]_19[3]. Optimization improves timing on the net.
INFO: [Physopt 32-619] Estimated Timing Summary | WNS=-1.266 | TNS=-13.366 |
INFO: [Physopt 32-608] Optimized 1 net.  Swapped 34 pins.
INFO: [Physopt 32-735] Processed net u_fsm/i__carry_i_6_n_0. Optimization improves timing on the net.
INFO: [Physopt 32-619] Estimated Timing Summary | WNS=-1.265 | TNS=-13.360 |
INFO: [Physopt 32-702] Processed net u_fsm/cached_priority_reg[5]_16[0]. Optimizations did not improve timing on the net.
INFO: [Physopt 32-608] Optimized 1 net.  Swapped 6 pins.
INFO: [Physopt 32-735] Processed net u_fsm/all_off_reg_i_2_n_0_repN_1. Optimization improves timing on the net.
INFO: [Physopt 32-619] Estimated Timing Summary | WNS=-1.264 | TNS=-13.330 |
INFO: [Physopt 32-608] Optimized 1 net.  Swapped 34 pins.
INFO: [Physopt 32-735] Processed net u_fsm/i__carry_i_8_n_0. Optimization improves timing on the net.
INFO: [Physopt 32-619] Estimated Timing Summary | WNS=-1.261 | TNS=-13.321 |
INFO: [Physopt 32-702] Processed net u_fsm/cached_priority_reg[8]_19[2]. Optimizations did not improve timing on the net.
INFO: [Physopt 32-663] Processed net u_fsm/thresh[8]_i_2_n_0.  Re-placed instance u_fsm/thresh[8]_i_2
INFO: [Physopt 32-735] Processed net u_fsm/thresh[8]_i_2_n_0. Optimization improves timing on the net.
INFO: [Physopt 32-619] Estimated Timing Summary | WNS=-1.259 | TNS=-13.315 |
INFO: [Physopt 32-81] Processed net u_fsm/cached_priority_reg[8]_19[3]. Replicated 1 times.
INFO: [Physopt 32-735] Processed net u_fsm/cached_priority_reg[8]_19[3]. Optimization improves timing on the net.
INFO: [Physopt 32-619] Estimated Timing Summary | WNS=-1.258 | TNS=-13.312 |
INFO: [Physopt 32-608] Optimized 1 net.  Swapped 34 pins.
INFO: [Physopt 32-735] Processed net u_fsm/computed_status0_carry_i_8_n_0. Optimization improves timing on the net.
INFO: [Physopt 32-619] Estimated Timing Summary | WNS=-1.257 | TNS=-13.309 |
INFO: [Physopt 32-702] Processed net u_fsm/cached_priority_reg[8]_19[3]_repN. Optimizations did not improve timing on the net.
INFO: [Physopt 32-702] Processed net u_fsm/thresh[8]_i_1_n_0. Optimizations did not improve timing on the net.
INFO: [Physopt 32-702] Processed net u_fsm/thresh_n_102_[8]. Optimizations did not improve timing on the net.
INFO: [Physopt 32-702] Processed net clk_IBUF. Optimizations did not improve timing on the net.
INFO: [Physopt 32-702] Processed net clk. Optimizations did not improve timing on the net.
INFO: [Physopt 32-702] Processed net u_fsm/area_phase_reg_n_0_[1]. Optimizations did not improve timing on the net.
INFO: [Physopt 32-702] Processed net u_fsm/cached_priority_reg[8]_19[3]_repN. Optimizations did not improve timing on the net.
INFO: [Physopt 32-702] Processed net u_fsm/area_phase[2]_i_2_n_0. Optimizations did not improve timing on the net.
INFO: [Physopt 32-702] Processed net u_fsm/FSM_sequential_fsm_state[0]_i_2_n_0. Optimizations did not improve timing on the net.
INFO: [Physopt 32-702] Processed net u_fsm/all_off_reg_i_2_n_0_repN. Optimizations did not improve timing on the net.
INFO: [Physopt 32-702] Processed net u_fsm/computed_status[8]. Optimizations did not improve timing on the net.
INFO: [Physopt 32-702] Processed net u_fsm/i__carry_i_7__6_n_0. Optimizations did not improve timing on the net.
INFO: [Physopt 32-702] Processed net u_fsm/area_phase[1]_i_1_n_0. Optimizations did not improve timing on the net.
INFO: [Physopt 32-702] Processed net u_fsm/thresh[8]_i_1_n_0. Optimizations did not improve timing on the net.
INFO: [Physopt 32-702] Processed net u_fsm/thresh_n_102_[8]. Optimizations did not improve timing on the net.
INFO: [Physopt 32-702] Processed net clk_IBUF. Optimizations did not improve timing on the net.
INFO: [Physopt 32-702] Processed net clk. Optimizations did not improve timing on the net.
INFO: [Physopt 32-619] Estimated Timing Summary | WNS=-1.257 | TNS=-13.309 |
Phase 3 Critical Path Optimization | Checksum: c50395ff

Time (s): cpu = 00:00:02 ; elapsed = 00:00:04 . Memory (MB): peak = 1851.172 ; gain = 9.086

Phase 4 Critical Path Optimization
INFO: [Physopt 32-619] Estimated Timing Summary | WNS=-1.257 | TNS=-13.309 |
INFO: [Physopt 32-702] Processed net u_fsm/area_phase_reg_n_0_[1]. Optimizations did not improve timing on the net.
INFO: [Physopt 32-702] Processed net u_fsm/cached_priority_reg[8]_19[3]_repN. Optimizations did not improve timing on the net.
INFO: [Physopt 32-702] Processed net u_fsm/area_phase[2]_i_2_n_0. Optimizations did not improve timing on the net.
INFO: [Physopt 32-663] Processed net u_fsm/FSM_sequential_fsm_state[0]_i_2_n_0.  Re-placed instance u_fsm/FSM_sequential_fsm_state[0]_i_2_comp
INFO: [Physopt 32-735] Processed net u_fsm/FSM_sequential_fsm_state[0]_i_2_n_0. Optimization improves timing on the net.
INFO: [Physopt 32-619] Estimated Timing Summary | WNS=-1.255 | TNS=-12.952 |
INFO: [Physopt 32-702] Processed net u_fsm/FSM_sequential_fsm_state_reg[1]_0[0]. Optimizations did not improve timing on the net.
INFO: [Physopt 32-702] Processed net u_fsm/cached_priority_reg[2]_13[3]_repN. Optimizations did not improve timing on the net.
INFO: [Physopt 32-81] Processed net u_fsm/FSM_sequential_fsm_state[2]_i_2_n_0. Replicated 1 times.
INFO: [Physopt 32-735] Processed net u_fsm/FSM_sequential_fsm_state[2]_i_2_n_0. Optimization improves timing on the net.
INFO: [Physopt 32-619] Estimated Timing Summary | WNS=-1.244 | TNS=-13.026 |
INFO: [Physopt 32-608] Optimized 1 net.  Swapped 16 pins.
INFO: [Physopt 32-735] Processed net u_fsm/FSM_sequential_fsm_state[2]_i_2_n_0. Optimization improves timing on the net.
INFO: [Physopt 32-619] Estimated Timing Summary | WNS=-1.219 | TNS=-12.945 |
INFO: [Physopt 32-702] Processed net u_fsm/fsm_state__0[0]. Optimizations did not improve timing on the net.
INFO: [Physopt 32-702] Processed net u_fsm/cached_priority_reg[0]_11[3]_repN. Optimizations did not improve timing on the net.
INFO: [Physopt 32-702] Processed net u_fsm/FSM_sequential_fsm_state[2]_i_2_n_0_repN. Optimizations did not improve timing on the net.
INFO: [Physopt 32-702] Processed net u_fsm/all_off_reg_i_2_n_0_repN_1. Optimizations did not improve timing on the net.
INFO: [Physopt 32-702] Processed net u_fsm/computed_status[0]. Optimizations did not improve timing on the net.
INFO: [Physopt 32-702] Processed net u_fsm/computed_status0_carry_n_0. Optimizations did not improve timing on the net.
INFO: [Physopt 32-608] Optimized 1 net.  Swapped 34 pins.
INFO: [Physopt 32-735] Processed net u_fsm/computed_status0_carry_i_5_n_0. Optimization improves timing on the net.
INFO: [Physopt 32-619] Estimated Timing Summary | WNS=-1.197 | TNS=-12.867 |
INFO: [Physopt 32-702] Processed net u_fsm/area_ptr_reg_n_0_[0]. Optimizations did not improve timing on the net.
INFO: [Physopt 32-663] Processed net u_fsm/FSM_sequential_fsm_state[2]_i_6_n_0.  Re-placed instance u_fsm/FSM_sequential_fsm_state[2]_i_6
INFO: [Physopt 32-735] Processed net u_fsm/FSM_sequential_fsm_state[2]_i_6_n_0. Optimization improves timing on the net.
INFO: [Physopt 32-619] Estimated Timing Summary | WNS=-1.180 | TNS=-12.773 |
INFO: [Physopt 32-710] Processed net u_fsm/area_ptr. Critical path length was reduced through logic transformation on cell u_fsm/area_ptr[3]_i_1_comp.
INFO: [Physopt 32-735] Processed net u_fsm/FSM_sequential_fsm_state[2]_i_6_n_0. Optimization improves timing on the net.
INFO: [Physopt 32-619] Estimated Timing Summary | WNS=-1.175 | TNS=-12.386 |
INFO: [Physopt 32-663] Processed net u_fsm/FSM_sequential_fsm_state[2]_i_6_n_0.  Re-placed instance u_fsm/FSM_sequential_fsm_state[2]_i_6
INFO: [Physopt 32-735] Processed net u_fsm/FSM_sequential_fsm_state[2]_i_6_n_0. Optimization improves timing on the net.
INFO: [Physopt 32-619] Estimated Timing Summary | WNS=-1.165 | TNS=-12.353 |
INFO: [Physopt 32-702] Processed net u_fsm/cached_priority_reg[3]_14[1]. Optimizations did not improve timing on the net.
INFO: [Physopt 32-702] Processed net u_fsm/computed_status[3]. Optimizations did not improve timing on the net.
INFO: [Physopt 32-702] Processed net u_fsm/computed_status0_inferred__2/i__carry_n_0. Optimizations did not improve timing on the net.
INFO: [Physopt 32-608] Optimized 1 net.  Swapped 34 pins.
INFO: [Physopt 32-735] Processed net u_fsm/i__carry_i_7__1_n_0. Optimization improves timing on the net.
INFO: [Physopt 32-619] Estimated Timing Summary | WNS=-1.162 | TNS=-12.347 |
INFO: [Physopt 32-710] Processed net u_fsm/FSM_sequential_fsm_state[2]_i_2_n_0_repN. Critical path length was reduced through logic transformation on cell u_fsm/FSM_sequential_fsm_state[2]_i_2_comp_1.
INFO: [Physopt 32-735] Processed net u_fsm/FSM_sequential_fsm_state[2]_i_6_n_0. Optimization improves timing on the net.
INFO: [Physopt 32-619] Estimated Timing Summary | WNS=-1.153 | TNS=-12.330 |
INFO: [Physopt 32-608] Optimized 1 net.  Swapped 34 pins.
INFO: [Physopt 32-735] Processed net u_fsm/computed_status0_carry_i_6_n_0. Optimization improves timing on the net.
INFO: [Physopt 32-619] Estimated Timing Summary | WNS=-1.144 | TNS=-12.294 |
INFO: [Physopt 32-710] Processed net u_fsm/area_phase[2]_i_2_n_0. Critical path length was reduced through logic transformation on cell u_fsm/area_phase[2]_i_2_comp.
INFO: [Physopt 32-735] Processed net u_fsm/FSM_sequential_fsm_state[0]_i_2_n_0. Optimization improves timing on the net.
INFO: [Physopt 32-619] Estimated Timing Summary | WNS=-1.138 | TNS=-11.484 |
INFO: [Physopt 32-702] Processed net u_fsm/cached_priority_reg[6]_17[1]_repN. Optimizations did not improve timing on the net.
INFO: [Physopt 32-702] Processed net u_fsm/computed_status[6]. Optimizations did not improve timing on the net.
INFO: [Physopt 32-702] Processed net u_fsm/computed_status0_inferred__5/i__carry_n_0. Optimizations did not improve timing on the net.
INFO: [Physopt 32-608] Optimized 1 net.  Swapped 34 pins.
INFO: [Physopt 32-735] Processed net u_fsm/i__carry_i_8__4_n_0. Optimization improves timing on the net.
INFO: [Physopt 32-619] Estimated Timing Summary | WNS=-1.128 | TNS=-11.054 |
INFO: [Physopt 32-702] Processed net u_fsm/cached_priority_reg[5]_16[0]. Optimizations did not improve timing on the net.
INFO: [Physopt 32-702] Processed net u_fsm/computed_status[5]. Optimizations did not improve timing on the net.
INFO: [Physopt 32-702] Processed net u_fsm/computed_status0_inferred__4/i__carry_n_0. Optimizations did not improve timing on the net.
INFO: [Physopt 32-608] Optimized 1 net.  Swapped 34 pins.
INFO: [Physopt 32-735] Processed net u_fsm/i__carry_i_7__3_n_0. Optimization improves timing on the net.
INFO: [Physopt 32-619] Estimated Timing Summary | WNS=-1.117 | TNS=-10.960 |
INFO: [Physopt 32-702] Processed net u_fsm/FSM_sequential_fsm_state[2]_i_2_n_0. Optimizations did not improve timing on the net.
INFO: [Physopt 32-663] Processed net u_fsm/FSM_sequential_fsm_state[2]_i_6_n_0.  Re-placed instance u_fsm/FSM_sequential_fsm_state[2]_i_6
INFO: [Physopt 32-735] Processed net u_fsm/FSM_sequential_fsm_state[2]_i_6_n_0. Optimization improves timing on the net.
INFO: [Physopt 32-619] Estimated Timing Summary | WNS=-1.081 | TNS=-10.868 |
INFO: [Physopt 32-702] Processed net u_fsm/computed_status0_carry_i_7_n_0. Optimizations did not improve timing on the net.
INFO: [Physopt 32-702] Processed net u_fsm/FSM_sequential_fsm_state[0]_i_1_n_0. Optimizations did not improve timing on the net.
INFO: [Physopt 32-663] Processed net u_fsm/thresh[0]_i_1_n_0.  Re-placed instance u_fsm/thresh[0]_i_1
INFO: [Physopt 32-735] Processed net u_fsm/thresh[0]_i_1_n_0. Optimization improves timing on the net.
INFO: [Physopt 32-619] Estimated Timing Summary | WNS=-1.077 | TNS=-10.856 |
INFO: [Physopt 32-702] Processed net u_fsm/cached_priority_reg[0]_11[0]. Optimizations did not improve timing on the net.
INFO: [Physopt 32-702] Processed net u_fsm/thresh[0]_i_4_n_0. Optimizations did not improve timing on the net.
INFO: [Physopt 32-702] Processed net u_fsm/thresh_n_102_[0]. Optimizations did not improve timing on the net.
INFO: [Physopt 32-702] Processed net clk_IBUF. Optimizations did not improve timing on the net.
INFO: [Physopt 32-702] Processed net clk. Optimizations did not improve timing on the net.
INFO: [Physopt 32-702] Processed net u_fsm/fsm_state__0[0]. Optimizations did not improve timing on the net.
INFO: [Physopt 32-702] Processed net u_fsm/cached_priority_reg[0]_11[0]. Optimizations did not improve timing on the net.
INFO: [Physopt 32-702] Processed net u_fsm/FSM_sequential_fsm_state[2]_i_2_n_0_repN. Optimizations did not improve timing on the net.
INFO: [Physopt 32-702] Processed net u_fsm/all_off_reg_i_2_n_0_repN_1. Optimizations did not improve timing on the net.
INFO: [Physopt 32-702] Processed net u_fsm/computed_status[0]. Optimizations did not improve timing on the net.
INFO: [Physopt 32-702] Processed net u_fsm/computed_status0_carry_i_7_n_0. Optimizations did not improve timing on the net.
INFO: [Physopt 32-702] Processed net u_fsm/FSM_sequential_fsm_state[0]_i_1_n_0. Optimizations did not improve timing on the net.
INFO: [Physopt 32-702] Processed net u_fsm/thresh[0]_i_4_n_0. Optimizations did not improve timing on the net.
INFO: [Physopt 32-702] Processed net u_fsm/thresh_n_102_[0]. Optimizations did not improve timing on the net.
INFO: [Physopt 32-702] Processed net clk_IBUF. Optimizations did not improve timing on the net.
INFO: [Physopt 32-702] Processed net clk. Optimizations did not improve timing on the net.
INFO: [Physopt 32-619] Estimated Timing Summary | WNS=-1.077 | TNS=-10.856 |
Phase 4 Critical Path Optimization | Checksum: c50395ff

Time (s): cpu = 00:00:03 ; elapsed = 00:00:06 . Memory (MB): peak = 1851.176 ; gain = 9.090
Netlist sorting complete. Time (s): cpu = 00:00:00 ; elapsed = 00:00:00.006 . Memory (MB): peak = 1851.176 ; gain = 0.000
INFO: [Physopt 32-603] Post Physical Optimization Timing Summary | WNS=-1.077 | TNS=-10.856 |

Summary of Physical Synthesis Optimizations
============================================


-------------------------------------------------------------------------------------------------------------------------------------------------------------
|  Optimization   |  WNS Gain (ns)  |  TNS Gain (ns)  |  Added Cells  |  Removed Cells  |  Optimized Cells/Nets  |  Dont Touch  |  Iterations  |  Elapsed   |
-------------------------------------------------------------------------------------------------------------------------------------------------------------
|  DSP Register   |          0.000  |          0.000  |            0  |              0  |                     0  |           0  |           1  |  00:00:00  |
|  Critical Path  |          0.765  |          7.493  |            8  |              0  |                    59  |           0  |           2  |  00:00:05  |
|  Total          |          0.765  |          7.493  |            8  |              0  |                    59  |           0  |           3  |  00:00:05  |
-------------------------------------------------------------------------------------------------------------------------------------------------------------


Netlist sorting complete. Time (s): cpu = 00:00:00 ; elapsed = 00:00:00.001 . Memory (MB): peak = 1851.176 ; gain = 0.000
Ending Physical Synthesis Task | Checksum: 11f845390

Time (s): cpu = 00:00:03 ; elapsed = 00:00:06 . Memory (MB): peak = 1851.176 ; gain = 9.090
INFO: [Common 17-83] Releasing license: Implementation
350 Infos, 0 Warnings, 0 Critical Warnings and 0 Errors encountered.
phys_opt_design completed successfully
phys_opt_design: Time (s): cpu = 00:00:03 ; elapsed = 00:00:06 . Memory (MB): peak = 1851.176 ; gain = 15.570
INFO: [Timing 38-480] Writing timing data to binary archive.
Writing XDEF routing.
Writing XDEF routing logical nets.
Writing XDEF routing special nets.
Write XDEF Complete: Time (s): cpu = 00:00:00 ; elapsed = 00:00:00.123 . Memory (MB): peak = 1863.918 ; gain = 12.742
INFO: [Common 17-1381] The checkpoint 'C:/Users/USER/OneDrive/Desktop/smart_power_grid/smart_power_grid.runs/impl_1/top_level_physopt.dcp' has been generated.
Command: route_design
Attempting to get a license for feature 'Implementation' and/or device 'xc7a35ti'
INFO: [Common 17-349] Got license for feature 'Implementation' and/or device 'xc7a35ti'
INFO: [DRC 23-27] Running DRC with 2 threads
INFO: [Vivado_Tcl 4-198] DRC finished with 0 Errors
INFO: [Vivado_Tcl 4-199] Please refer to the DRC report (report_drc) for more information.
Running DRC as a precondition to command route_design
INFO: [DRC 23-27] Running DRC with 2 threads
INFO: [Vivado_Tcl 4-198] DRC finished with 0 Errors
INFO: [Vivado_Tcl 4-199] Please refer to the DRC report (report_drc) for more information.


Starting Routing Task
INFO: [Route 35-254] Multithreading enabled for route_design using a maximum of 2 CPUs

Phase 1 Build RT Design
Checksum: PlaceDB: 75b9ac43 ConstDB: 0 ShapeSum: 2b9fa58f RouteDB: 0
Post Restoration Checksum: NetGraph: 26f95c1e | NumContArr: f2202d9c | Constraints: 190a55ad | Timing: 0
Phase 1 Build RT Design | Checksum: 13223df67

Time (s): cpu = 00:00:16 ; elapsed = 00:00:17 . Memory (MB): peak = 1966.070 ; gain = 90.008

Phase 2 Router Initialization

Phase 2.1 Fix Topology Constraints
Phase 2.1 Fix Topology Constraints | Checksum: 13223df67

Time (s): cpu = 00:00:16 ; elapsed = 00:00:17 . Memory (MB): peak = 1966.070 ; gain = 90.008

Phase 2.2 Pre Route Cleanup
Phase 2.2 Pre Route Cleanup | Checksum: 13223df67

Time (s): cpu = 00:00:16 ; elapsed = 00:00:17 . Memory (MB): peak = 1966.070 ; gain = 90.008
 Number of Nodes with overlaps = 0

Phase 2.3 Update Timing
Phase 2.3 Update Timing | Checksum: 21efaf7bd

Time (s): cpu = 00:00:16 ; elapsed = 00:00:17 . Memory (MB): peak = 1971.098 ; gain = 95.035
INFO: [Route 35-416] Intermediate Timing Summary | WNS=-1.082 | TNS=-10.546| WHS=-0.153 | THS=-7.505 |


Router Utilization Summary
  Global Vertical Routing Utilization    = 0 %
  Global Horizontal Routing Utilization  = 0 %
  Routable Net Status*
  *Does not include unroutable nets such as driverless and loadless.
  Run report_route_status for detailed report.
  Number of Failed Nets               = 1219
    (Failed Nets is the sum of unrouted and partially routed nets)
  Number of Unrouted Nets             = 1219
  Number of Partially Routed Nets     = 0
  Number of Node Overlaps             = 0

Phase 2 Router Initialization | Checksum: 2298ef0a7

Time (s): cpu = 00:00:16 ; elapsed = 00:00:18 . Memory (MB): peak = 1977.348 ; gain = 101.285

Phase 3 Initial Routing

Phase 3.1 Global Routing
Phase 3.1 Global Routing | Checksum: 2298ef0a7

Time (s): cpu = 00:00:16 ; elapsed = 00:00:18 . Memory (MB): peak = 1977.348 ; gain = 101.285
Phase 3 Initial Routing | Checksum: 1a5f3b7c8

Time (s): cpu = 00:00:16 ; elapsed = 00:00:18 . Memory (MB): peak = 1977.348 ; gain = 101.285
INFO: [Route 35-580] Design has 6 pins with tight setup and hold constraints.

The top 5 pins with tight setup and hold constraints:

+====================+===================+=========================================+
| Launch Setup Clock | Launch Hold Clock | Pin                                     |
+====================+===================+=========================================+
| sys_clk_pin        | sys_clk_pin       | u_fsm/FSM_sequential_fsm_state_reg[0]/D |
| sys_clk_pin        | sys_clk_pin       | u_fsm/FSM_sequential_fsm_state_reg[1]/D |
| sys_clk_pin        | sys_clk_pin       | u_fsm/FSM_sequential_fsm_state_reg[2]/D |
| sys_clk_pin        | sys_clk_pin       | u_fsm/area_phase_reg[1]/D               |
| sys_clk_pin        | sys_clk_pin       | u_fsm/area_phase_reg[2]/D               |
+--------------------+-------------------+-----------------------------------------+

File with complete list of pins: tight_setup_hold_pins.txt


Phase 4 Rip-up And Reroute

Phase 4.1 Global Iteration 0
 Number of Nodes with overlaps = 221
 Number of Nodes with overlaps = 77
 Number of Nodes with overlaps = 30
 Number of Nodes with overlaps = 16
 Number of Nodes with overlaps = 6
 Number of Nodes with overlaps = 3
 Number of Nodes with overlaps = 4
 Number of Nodes with overlaps = 0
INFO: [Route 35-416] Intermediate Timing Summary | WNS=-1.193 | TNS=-12.526| WHS=N/A    | THS=N/A    |

Phase 4.1 Global Iteration 0 | Checksum: 241731e15

Time (s): cpu = 00:00:17 ; elapsed = 00:00:20 . Memory (MB): peak = 1977.945 ; gain = 101.883

Phase 4.2 Global Iteration 1
 Number of Nodes with overlaps = 62
 Number of Nodes with overlaps = 18
 Number of Nodes with overlaps = 5
 Number of Nodes with overlaps = 3
 Number of Nodes with overlaps = 1
 Number of Nodes with overlaps = 0
INFO: [Route 35-416] Intermediate Timing Summary | WNS=-1.166 | TNS=-12.328| WHS=N/A    | THS=N/A    |

Phase 4.2 Global Iteration 1 | Checksum: 12d94463c

Time (s): cpu = 00:00:18 ; elapsed = 00:00:22 . Memory (MB): peak = 1977.988 ; gain = 101.926
Phase 4 Rip-up And Reroute | Checksum: 12d94463c

Time (s): cpu = 00:00:18 ; elapsed = 00:00:22 . Memory (MB): peak = 1977.988 ; gain = 101.926

Phase 5 Delay and Skew Optimization

Phase 5.1 Delay CleanUp

Phase 5.1.1 Update Timing
Phase 5.1.1 Update Timing | Checksum: 16e68918c

Time (s): cpu = 00:00:18 ; elapsed = 00:00:22 . Memory (MB): peak = 1977.988 ; gain = 101.926
INFO: [Route 35-416] Intermediate Timing Summary | WNS=-1.075 | TNS=-11.335| WHS=N/A    | THS=N/A    |

 Number of Nodes with overlaps = 0
Phase 5.1 Delay CleanUp | Checksum: 1fad71b28

Time (s): cpu = 00:00:18 ; elapsed = 00:00:22 . Memory (MB): peak = 1979.027 ; gain = 102.965

Phase 5.2 Clock Skew Optimization
Phase 5.2 Clock Skew Optimization | Checksum: 1fad71b28

Time (s): cpu = 00:00:18 ; elapsed = 00:00:22 . Memory (MB): peak = 1979.027 ; gain = 102.965
Phase 5 Delay and Skew Optimization | Checksum: 1fad71b28

Time (s): cpu = 00:00:18 ; elapsed = 00:00:22 . Memory (MB): peak = 1979.027 ; gain = 102.965

Phase 6 Post Hold Fix

Phase 6.1 Hold Fix Iter

Phase 6.1.1 Update Timing
Phase 6.1.1 Update Timing | Checksum: 1e8dcc163

Time (s): cpu = 00:00:18 ; elapsed = 00:00:22 . Memory (MB): peak = 1979.027 ; gain = 102.965
INFO: [Route 35-416] Intermediate Timing Summary | WNS=-1.075 | TNS=-11.254| WHS=0.094  | THS=0.000  |

Phase 6.1 Hold Fix Iter | Checksum: 1e8dcc163

Time (s): cpu = 00:00:18 ; elapsed = 00:00:22 . Memory (MB): peak = 1979.027 ; gain = 102.965
Phase 6 Post Hold Fix | Checksum: 1e8dcc163

Time (s): cpu = 00:00:18 ; elapsed = 00:00:22 . Memory (MB): peak = 1979.027 ; gain = 102.965

Phase 7 Route finalize

Router Utilization Summary
  Global Vertical Routing Utilization    = 0.456829 %
  Global Horizontal Routing Utilization  = 0.408381 %
  Routable Net Status*
  *Does not include unroutable nets such as driverless and loadless.
  Run report_route_status for detailed report.
  Number of Failed Nets               = 0
    (Failed Nets is the sum of unrouted and partially routed nets)
  Number of Unrouted Nets             = 0
  Number of Partially Routed Nets     = 0
  Number of Node Overlaps             = 0


--GLOBAL Congestion:
Utilization threshold used for congestion level computation: 0.85
Congestion Report
North Dir 1x1 Area, Max Cong = 43.2432%, No Congested Regions.
South Dir 1x1 Area, Max Cong = 44.1441%, No Congested Regions.
East Dir 1x1 Area, Max Cong = 44.1176%, No Congested Regions.
West Dir 1x1 Area, Max Cong = 48.5294%, No Congested Regions.

------------------------------
Reporting congestion hotspots
------------------------------
Direction: North
----------------
Congested clusters found at Level 0
Effective congestion level: 0 Aspect Ratio: 1 Sparse Ratio: 0
Direction: South
----------------
Congested clusters found at Level 0
Effective congestion level: 0 Aspect Ratio: 1 Sparse Ratio: 0
Direction: East
----------------
Congested clusters found at Level 0
Effective congestion level: 0 Aspect Ratio: 1 Sparse Ratio: 0
Direction: West
----------------
Congested clusters found at Level 0
Effective congestion level: 0 Aspect Ratio: 1 Sparse Ratio: 0

Phase 7 Route finalize | Checksum: 1e14413bd

Time (s): cpu = 00:00:18 ; elapsed = 00:00:22 . Memory (MB): peak = 1979.027 ; gain = 102.965

Phase 8 Verifying routed nets

 Verification completed successfully
Phase 8 Verifying routed nets | Checksum: 1e14413bd

Time (s): cpu = 00:00:18 ; elapsed = 00:00:22 . Memory (MB): peak = 1980.035 ; gain = 103.973

Phase 9 Depositing Routes
Phase 9 Depositing Routes | Checksum: 13108f428

Time (s): cpu = 00:00:18 ; elapsed = 00:00:22 . Memory (MB): peak = 1980.035 ; gain = 103.973

Phase 10 Post Router Timing
INFO: [Route 35-57] Estimated Timing Summary | WNS=-1.075 | TNS=-11.254| WHS=0.094  | THS=0.000  |

WARNING: [Route 35-328] Router estimated timing not met.
Resolution: For a complete and accurate timing signoff, report_timing_summary must be run after route_design. Alternatively, route_design can be run with the -timing_summary option to enable a complete timing signoff at the end of route_design.
Phase 10 Post Router Timing | Checksum: 13108f428

Time (s): cpu = 00:00:18 ; elapsed = 00:00:22 . Memory (MB): peak = 1980.035 ; gain = 103.973
INFO: [Route 35-16] Router Completed Successfully

Phase 11 Post-Route Event Processing
Phase 11 Post-Route Event Processing | Checksum: 770a9c0d

Time (s): cpu = 00:00:18 ; elapsed = 00:00:22 . Memory (MB): peak = 1980.035 ; gain = 103.973

Time (s): cpu = 00:00:18 ; elapsed = 00:00:22 . Memory (MB): peak = 1980.035 ; gain = 103.973

Routing Is Done.
INFO: [Common 17-83] Releasing license: Implementation
369 Infos, 1 Warnings, 0 Critical Warnings and 0 Errors encountered.
route_design completed successfully
route_design: Time (s): cpu = 00:00:18 ; elapsed = 00:00:23 . Memory (MB): peak = 1980.035 ; gain = 116.117
INFO: [runtcl-4] Executing : report_drc -file top_level_drc_routed.rpt -pb top_level_drc_routed.pb -rpx top_level_drc_routed.rpx
Command: report_drc -file top_level_drc_routed.rpt -pb top_level_drc_routed.pb -rpx top_level_drc_routed.rpx
INFO: [IP_Flow 19-1839] IP Catalog is up to date.
INFO: [DRC 23-27] Running DRC with 2 threads
INFO: [Vivado_Tcl 2-168] The results of DRC are in file C:/Users/USER/OneDrive/Desktop/smart_power_grid/smart_power_grid.runs/impl_1/top_level_drc_routed.rpt.
report_drc completed successfully
INFO: [runtcl-4] Executing : report_methodology -file top_level_methodology_drc_routed.rpt -pb top_level_methodology_drc_routed.pb -rpx top_level_methodology_drc_routed.rpx
Command: report_methodology -file top_level_methodology_drc_routed.rpt -pb top_level_methodology_drc_routed.pb -rpx top_level_methodology_drc_routed.rpx
INFO: [Timing 38-35] Done setting XDC timing constraints.
INFO: [DRC 23-133] Running Methodology with 2 threads
INFO: [Vivado_Tcl 2-1520] The results of Report Methodology are in file C:/Users/USER/OneDrive/Desktop/smart_power_grid/smart_power_grid.runs/impl_1/top_level_methodology_drc_routed.rpt.
report_methodology completed successfully
INFO: [runtcl-4] Executing : report_power -file top_level_power_routed.rpt -pb top_level_power_summary_routed.pb -rpx top_level_power_routed.rpx
Command: report_power -file top_level_power_routed.rpt -pb top_level_power_summary_routed.pb -rpx top_level_power_routed.rpx
INFO: [Timing 38-35] Done setting XDC timing constraints.
Running Vector-less Activity Propagation...

Finished Running Vector-less Activity Propagation
WARNING: [Power 33-332] Found switching activity that implies high-fanout reset nets being asserted for excessive periods of time which may result in inaccurate power analysis.
Resolution: To review and fix problems, please run Power Constraints Advisor in the GUI from Tools > Power Constraints Advisor or run report_power with the -advisory option to generate a text report.
379 Infos, 2 Warnings, 0 Critical Warnings and 0 Errors encountered.
report_power completed successfully
INFO: [runtcl-4] Executing : report_route_status -file top_level_route_status.rpt -pb top_level_route_status.pb
INFO: [runtcl-4] Executing : report_timing_summary -max_paths 10 -report_unconstrained -file top_level_timing_summary_routed.rpt -pb top_level_timing_summary_routed.pb -rpx top_level_timing_summary_routed.rpx -warn_on_violation 
INFO: [Timing 38-91] UpdateTimingParams: Speed grade: -1L, Delay Type: min_max.
INFO: [Timing 38-191] Multithreading enabled for timing update using a maximum of 2 CPUs
CRITICAL WARNING: [Timing 38-282] The design failed to meet the timing requirements. Please see the timing summary report for details on the timing violations.
INFO: [runtcl-4] Executing : report_incremental_reuse -file top_level_incremental_reuse_routed.rpt
INFO: [Vivado_Tcl 4-1062] Incremental flow is disabled. No incremental reuse Info to report.
INFO: [runtcl-4] Executing : report_clock_utilization -file top_level_clock_utilization_routed.rpt
INFO: [runtcl-4] Executing : report_bus_skew -warn_on_violation -file top_level_bus_skew_routed.rpt -pb top_level_bus_skew_routed.pb -rpx top_level_bus_skew_routed.rpx
INFO: [Timing 38-91] UpdateTimingParams: Speed grade: -1L, Delay Type: min_max.
INFO: [Timing 38-191] Multithreading enabled for timing update using a maximum of 2 CPUs
INFO: [Timing 38-480] Writing timing data to binary archive.
Writing XDEF routing.
Writing XDEF routing logical nets.
Writing XDEF routing special nets.
Write XDEF Complete: Time (s): cpu = 00:00:00 ; elapsed = 00:00:00.159 . Memory (MB): peak = 2018.238 ; gain = 0.000
INFO: [Common 17-1381] The checkpoint 'C:/Users/USER/OneDrive/Desktop/smart_power_grid/smart_power_grid.runs/impl_1/top_level_routed.dcp' has been generated.
INFO: [Common 17-206] Exiting Vivado at Tue Apr  7 09:40:48 2026...

*** Running vivado
    with args -log top_level.vdi -applog -m64 -product Vivado -messageDb vivado.pb -mode batch -source top_level.tcl -notrace


ECHO is off.
ECHO is off.

****** Vivado v2023.1 (64-bit)
  **** SW Build 3865809 on Sun May  7 15:05:29 MDT 2023
  **** IP Build 3864474 on Sun May  7 20:36:21 MDT 2023
  **** SharedData Build 3865790 on Sun May 07 13:33:03 MDT 2023
    ** Copyright 1986-2022 Xilinx, Inc. All Rights Reserved.
    ** Copyright 2022-2023 Advanced Micro Devices, Inc. All Rights Reserved.

source top_level.tcl -notrace
Command: open_checkpoint top_level_routed.dcp
INFO: [Device 21-403] Loading part xc7a35ticpg236-1L
Netlist sorting complete. Time (s): cpu = 00:00:00 ; elapsed = 00:00:00.006 . Memory (MB): peak = 838.766 ; gain = 0.000
INFO: [Netlist 29-17] Analyzing 112 Unisim elements for replacement
INFO: [Netlist 29-28] Unisim Transformation completed in 0 CPU seconds
INFO: [Project 1-479] Netlist was created with Vivado 2023.1
INFO: [Project 1-570] Preparing netlist for logic optimization
INFO: [Timing 38-478] Restoring timing data from binary archive.
INFO: [Timing 38-479] Binary timing data restore complete.
INFO: [Project 1-856] Restoring constraints from binary archive.
INFO: [Project 1-853] Binary constraint restore complete.
Reading XDEF placement.
Reading placer database...
Reading XDEF routing.
Read XDEF Files: Time (s): cpu = 00:00:00 ; elapsed = 00:00:00.207 . Memory (MB): peak = 1509.656 ; gain = 7.887
Restored from archive | CPU: 0.000000 secs | Memory: 0.000000 MB |
Finished XDEF File Restore: Time (s): cpu = 00:00:00 ; elapsed = 00:00:00.209 . Memory (MB): peak = 1509.656 ; gain = 7.887
Netlist sorting complete. Time (s): cpu = 00:00:00 ; elapsed = 00:00:00 . Memory (MB): peak = 1509.656 ; gain = 0.000
INFO: [Project 1-111] Unisim Transformation Summary:
  A total of 12 instances were transformed.
  RAM16X1S => RAM32X1S (RAMS32): 12 instances

INFO: [Project 1-604] Checkpoint was created with Vivado v2023.1 (64-bit) build 3865809
open_checkpoint: Time (s): cpu = 00:00:13 ; elapsed = 00:00:19 . Memory (MB): peak = 1509.656 ; gain = 1240.051
Command: write_bitstream -force top_level.bit
Attempting to get a license for feature 'Implementation' and/or device 'xc7a35ti'
INFO: [Common 17-349] Got license for feature 'Implementation' and/or device 'xc7a35ti'
Running DRC as a precondition to command write_bitstream
INFO: [IP_Flow 19-234] Refreshing IP repositories
INFO: [IP_Flow 19-1704] No user IP repositories specified
INFO: [IP_Flow 19-2313] Loaded Vivado IP repository 'E:/vivado_downloads/Vivado/2023.1/data/ip'.
INFO: [DRC 23-27] Running DRC with 2 threads
WARNING: [DRC DPIP-1] Input pipelining: DSP u_fsm/thresh[0] input u_fsm/thresh[0]/A[29:0] is not pipelined. Pipelining DSP48 input will improve performance.
WARNING: [DRC DPIP-1] Input pipelining: DSP u_fsm/thresh[1] input u_fsm/thresh[1]/A[29:0] is not pipelined. Pipelining DSP48 input will improve performance.
WARNING: [DRC DPIP-1] Input pipelining: DSP u_fsm/thresh[2] input u_fsm/thresh[2]/A[29:0] is not pipelined. Pipelining DSP48 input will improve performance.
WARNING: [DRC DPIP-1] Input pipelining: DSP u_fsm/thresh[3] input u_fsm/thresh[3]/A[29:0] is not pipelined. Pipelining DSP48 input will improve performance.
WARNING: [DRC DPIP-1] Input pipelining: DSP u_fsm/thresh[4] input u_fsm/thresh[4]/A[29:0] is not pipelined. Pipelining DSP48 input will improve performance.
WARNING: [DRC DPIP-1] Input pipelining: DSP u_fsm/thresh[5] input u_fsm/thresh[5]/A[29:0] is not pipelined. Pipelining DSP48 input will improve performance.
WARNING: [DRC DPIP-1] Input pipelining: DSP u_fsm/thresh[6] input u_fsm/thresh[6]/A[29:0] is not pipelined. Pipelining DSP48 input will improve performance.
WARNING: [DRC DPIP-1] Input pipelining: DSP u_fsm/thresh[7] input u_fsm/thresh[7]/A[29:0] is not pipelined. Pipelining DSP48 input will improve performance.
WARNING: [DRC DPIP-1] Input pipelining: DSP u_fsm/thresh[8] input u_fsm/thresh[8]/A[29:0] is not pipelined. Pipelining DSP48 input will improve performance.
WARNING: [DRC DPIP-1] Input pipelining: DSP u_fsm/thresh[9] input u_fsm/thresh[9]/A[29:0] is not pipelined. Pipelining DSP48 input will improve performance.
WARNING: [DRC DPOP-1] PREG Output pipelining: DSP u_fsm/thresh[0] output u_fsm/thresh[0]/P[47:0] is not pipelined (PREG=0). Pipelining the DSP48 output will improve performance and often saves power so it is suggested whenever possible to fully pipeline this function.  If this DSP48 function was inferred, it is suggested to describe an additional register stage after this function.  If the DSP48 was instantiated in the design, it is suggested to set the PREG attribute to 1.
WARNING: [DRC DPOP-1] PREG Output pipelining: DSP u_fsm/thresh[1] output u_fsm/thresh[1]/P[47:0] is not pipelined (PREG=0). Pipelining the DSP48 output will improve performance and often saves power so it is suggested whenever possible to fully pipeline this function.  If this DSP48 function was inferred, it is suggested to describe an additional register stage after this function.  If the DSP48 was instantiated in the design, it is suggested to set the PREG attribute to 1.
WARNING: [DRC DPOP-1] PREG Output pipelining: DSP u_fsm/thresh[2] output u_fsm/thresh[2]/P[47:0] is not pipelined (PREG=0). Pipelining the DSP48 output will improve performance and often saves power so it is suggested whenever possible to fully pipeline this function.  If this DSP48 function was inferred, it is suggested to describe an additional register stage after this function.  If the DSP48 was instantiated in the design, it is suggested to set the PREG attribute to 1.
WARNING: [DRC DPOP-1] PREG Output pipelining: DSP u_fsm/thresh[3] output u_fsm/thresh[3]/P[47:0] is not pipelined (PREG=0). Pipelining the DSP48 output will improve performance and often saves power so it is suggested whenever possible to fully pipeline this function.  If this DSP48 function was inferred, it is suggested to describe an additional register stage after this function.  If the DSP48 was instantiated in the design, it is suggested to set the PREG attribute to 1.
WARNING: [DRC DPOP-1] PREG Output pipelining: DSP u_fsm/thresh[4] output u_fsm/thresh[4]/P[47:0] is not pipelined (PREG=0). Pipelining the DSP48 output will improve performance and often saves power so it is suggested whenever possible to fully pipeline this function.  If this DSP48 function was inferred, it is suggested to describe an additional register stage after this function.  If the DSP48 was instantiated in the design, it is suggested to set the PREG attribute to 1.
WARNING: [DRC DPOP-1] PREG Output pipelining: DSP u_fsm/thresh[5] output u_fsm/thresh[5]/P[47:0] is not pipelined (PREG=0). Pipelining the DSP48 output will improve performance and often saves power so it is suggested whenever possible to fully pipeline this function.  If this DSP48 function was inferred, it is suggested to describe an additional register stage after this function.  If the DSP48 was instantiated in the design, it is suggested to set the PREG attribute to 1.
WARNING: [DRC DPOP-1] PREG Output pipelining: DSP u_fsm/thresh[6] output u_fsm/thresh[6]/P[47:0] is not pipelined (PREG=0). Pipelining the DSP48 output will improve performance and often saves power so it is suggested whenever possible to fully pipeline this function.  If this DSP48 function was inferred, it is suggested to describe an additional register stage after this function.  If the DSP48 was instantiated in the design, it is suggested to set the PREG attribute to 1.
WARNING: [DRC DPOP-1] PREG Output pipelining: DSP u_fsm/thresh[7] output u_fsm/thresh[7]/P[47:0] is not pipelined (PREG=0). Pipelining the DSP48 output will improve performance and often saves power so it is suggested whenever possible to fully pipeline this function.  If this DSP48 function was inferred, it is suggested to describe an additional register stage after this function.  If the DSP48 was instantiated in the design, it is suggested to set the PREG attribute to 1.
WARNING: [DRC DPOP-1] PREG Output pipelining: DSP u_fsm/thresh[8] output u_fsm/thresh[8]/P[47:0] is not pipelined (PREG=0). Pipelining the DSP48 output will improve performance and often saves power so it is suggested whenever possible to fully pipeline this function.  If this DSP48 function was inferred, it is suggested to describe an additional register stage after this function.  If the DSP48 was instantiated in the design, it is suggested to set the PREG attribute to 1.
WARNING: [DRC DPOP-1] PREG Output pipelining: DSP u_fsm/thresh[9] output u_fsm/thresh[9]/P[47:0] is not pipelined (PREG=0). Pipelining the DSP48 output will improve performance and often saves power so it is suggested whenever possible to fully pipeline this function.  If this DSP48 function was inferred, it is suggested to describe an additional register stage after this function.  If the DSP48 was instantiated in the design, it is suggested to set the PREG attribute to 1.
WARNING: [DRC DPOP-2] MREG Output pipelining: DSP u_fsm/thresh[0] multiplier stage u_fsm/thresh[0]/P[47:0] is not pipelined (MREG=0). Pipelining the multiplier function will improve performance and will save significant power so it is suggested whenever possible to fully pipeline this function.  If this multiplier was inferred, it is suggested to describe an additional register stage after this function.  If there is no registered adder/accumulator following the multiply function, two pipeline stages are suggested to allow both the MREG and PREG registers to be used.  If the DSP48 was instantiated in the design, it is suggested to set both the MREG and PREG attributes to 1 when performing multiply functions.
WARNING: [DRC DPOP-2] MREG Output pipelining: DSP u_fsm/thresh[1] multiplier stage u_fsm/thresh[1]/P[47:0] is not pipelined (MREG=0). Pipelining the multiplier function will improve performance and will save significant power so it is suggested whenever possible to fully pipeline this function.  If this multiplier was inferred, it is suggested to describe an additional register stage after this function.  If there is no registered adder/accumulator following the multiply function, two pipeline stages are suggested to allow both the MREG and PREG registers to be used.  If the DSP48 was instantiated in the design, it is suggested to set both the MREG and PREG attributes to 1 when performing multiply functions.
WARNING: [DRC DPOP-2] MREG Output pipelining: DSP u_fsm/thresh[2] multiplier stage u_fsm/thresh[2]/P[47:0] is not pipelined (MREG=0). Pipelining the multiplier function will improve performance and will save significant power so it is suggested whenever possible to fully pipeline this function.  If this multiplier was inferred, it is suggested to describe an additional register stage after this function.  If there is no registered adder/accumulator following the multiply function, two pipeline stages are suggested to allow both the MREG and PREG registers to be used.  If the DSP48 was instantiated in the design, it is suggested to set both the MREG and PREG attributes to 1 when performing multiply functions.
WARNING: [DRC DPOP-2] MREG Output pipelining: DSP u_fsm/thresh[3] multiplier stage u_fsm/thresh[3]/P[47:0] is not pipelined (MREG=0). Pipelining the multiplier function will improve performance and will save significant power so it is suggested whenever possible to fully pipeline this function.  If this multiplier was inferred, it is suggested to describe an additional register stage after this function.  If there is no registered adder/accumulator following the multiply function, two pipeline stages are suggested to allow both the MREG and PREG registers to be used.  If the DSP48 was instantiated in the design, it is suggested to set both the MREG and PREG attributes to 1 when performing multiply functions.
WARNING: [DRC DPOP-2] MREG Output pipelining: DSP u_fsm/thresh[4] multiplier stage u_fsm/thresh[4]/P[47:0] is not pipelined (MREG=0). Pipelining the multiplier function will improve performance and will save significant power so it is suggested whenever possible to fully pipeline this function.  If this multiplier was inferred, it is suggested to describe an additional register stage after this function.  If there is no registered adder/accumulator following the multiply function, two pipeline stages are suggested to allow both the MREG and PREG registers to be used.  If the DSP48 was instantiated in the design, it is suggested to set both the MREG and PREG attributes to 1 when performing multiply functions.
WARNING: [DRC DPOP-2] MREG Output pipelining: DSP u_fsm/thresh[5] multiplier stage u_fsm/thresh[5]/P[47:0] is not pipelined (MREG=0). Pipelining the multiplier function will improve performance and will save significant power so it is suggested whenever possible to fully pipeline this function.  If this multiplier was inferred, it is suggested to describe an additional register stage after this function.  If there is no registered adder/accumulator following the multiply function, two pipeline stages are suggested to allow both the MREG and PREG registers to be used.  If the DSP48 was instantiated in the design, it is suggested to set both the MREG and PREG attributes to 1 when performing multiply functions.
WARNING: [DRC DPOP-2] MREG Output pipelining: DSP u_fsm/thresh[6] multiplier stage u_fsm/thresh[6]/P[47:0] is not pipelined (MREG=0). Pipelining the multiplier function will improve performance and will save significant power so it is suggested whenever possible to fully pipeline this function.  If this multiplier was inferred, it is suggested to describe an additional register stage after this function.  If there is no registered adder/accumulator following the multiply function, two pipeline stages are suggested to allow both the MREG and PREG registers to be used.  If the DSP48 was instantiated in the design, it is suggested to set both the MREG and PREG attributes to 1 when performing multiply functions.
WARNING: [DRC DPOP-2] MREG Output pipelining: DSP u_fsm/thresh[7] multiplier stage u_fsm/thresh[7]/P[47:0] is not pipelined (MREG=0). Pipelining the multiplier function will improve performance and will save significant power so it is suggested whenever possible to fully pipeline this function.  If this multiplier was inferred, it is suggested to describe an additional register stage after this function.  If there is no registered adder/accumulator following the multiply function, two pipeline stages are suggested to allow both the MREG and PREG registers to be used.  If the DSP48 was instantiated in the design, it is suggested to set both the MREG and PREG attributes to 1 when performing multiply functions.
WARNING: [DRC DPOP-2] MREG Output pipelining: DSP u_fsm/thresh[8] multiplier stage u_fsm/thresh[8]/P[47:0] is not pipelined (MREG=0). Pipelining the multiplier function will improve performance and will save significant power so it is suggested whenever possible to fully pipeline this function.  If this multiplier was inferred, it is suggested to describe an additional register stage after this function.  If there is no registered adder/accumulator following the multiply function, two pipeline stages are suggested to allow both the MREG and PREG registers to be used.  If the DSP48 was instantiated in the design, it is suggested to set both the MREG and PREG attributes to 1 when performing multiply functions.
WARNING: [DRC DPOP-2] MREG Output pipelining: DSP u_fsm/thresh[9] multiplier stage u_fsm/thresh[9]/P[47:0] is not pipelined (MREG=0). Pipelining the multiplier function will improve performance and will save significant power so it is suggested whenever possible to fully pipeline this function.  If this multiplier was inferred, it is suggested to describe an additional register stage after this function.  If there is no registered adder/accumulator following the multiply function, two pipeline stages are suggested to allow both the MREG and PREG registers to be used.  If the DSP48 was instantiated in the design, it is suggested to set both the MREG and PREG attributes to 1 when performing multiply functions.
INFO: [Vivado 12-3199] DRC finished with 0 Errors, 30 Warnings
INFO: [Vivado 12-3200] Please refer to the DRC report (report_drc) for more information.
INFO: [Designutils 20-2272] Running write_bitstream with 2 threads.
Loading data files...
Loading site data...
Loading route data...
Processing options...
Creating bitmap...
Creating bitstream...
Writing bitstream ./top_level.bit...
INFO: [Vivado 12-1842] Bitgen Completed Successfully.
INFO: [Project 1-1876] WebTalk data collection is mandatory when using a ULT device. To see the specific WebTalk data collected for your design, open the usage_statistics_webtalk.html or usage_statistics_webtalk.xml file in the implementation directory.
INFO: [Common 17-83] Releasing license: Implementation
22 Infos, 30 Warnings, 0 Critical Warnings and 0 Errors encountered.
write_bitstream completed successfully
write_bitstream: Time (s): cpu = 00:00:07 ; elapsed = 00:00:11 . Memory (MB): peak = 2077.484 ; gain = 567.828
INFO: [Common 17-206] Exiting Vivado at Tue Apr  7 09:41:44 2026...
