Copyright 1986-2022 Xilinx, Inc. All Rights Reserved. Copyright 2022-2023 Advanced Micro Devices, Inc. All Rights Reserved.
---------------------------------------------------------------------------------------------------------------------------------------------
| Tool Version : Vivado v.2023.1 (win64) Build 3865809 Sun May  7 15:05:29 MDT 2023
| Date         : Tue Apr  7 09:40:15 2026
| Host         : LAPTOP-SAGS0E3T running 64-bit major release  (build 9200)
| Command      : report_control_sets -verbose -file top_level_control_sets_placed.rpt
| Design       : top_level
| Device       : xc7a35ti
---------------------------------------------------------------------------------------------------------------------------------------------

Control Set Information

Table of Contents
-----------------
1. Summary
2. Histogram
3. Flip-Flop Distribution
4. Detailed Control Set Information

1. Summary
----------

+----------------------------------------------------------+-------+
|                          Status                          | Count |
+----------------------------------------------------------+-------+
| Total control sets                                       |    46 |
|    Minimum number of control sets                        |    46 |
|    Addition due to synthesis replication                 |     0 |
|    Addition due to physical synthesis replication        |     0 |
| Unused register locations in slices containing registers |   166 |
+----------------------------------------------------------+-------+
* Control sets can be merged at opt_design using control_set_merge or merge_equivalent_drivers
** Run report_qor_suggestions for automated merging and remapping suggestions


2. Histogram
------------

+--------------------+-------+
|       Fanout       | Count |
+--------------------+-------+
| Total control sets |    46 |
| >= 0 to < 4        |     1 |
| >= 4 to < 6        |    14 |
| >= 6 to < 8        |     0 |
| >= 8 to < 10       |    10 |
| >= 10 to < 12      |    11 |
| >= 12 to < 14      |     2 |
| >= 14 to < 16      |     0 |
| >= 16              |     8 |
+--------------------+-------+
* Control sets can be remapped at either synth_design or opt_design


3. Flip-Flop Distribution
-------------------------

+--------------+-----------------------+------------------------+-----------------+--------------+
| Clock Enable | Synchronous Set/Reset | Asynchronous Set/Reset | Total Registers | Total Slices |
+--------------+-----------------------+------------------------+-----------------+--------------+
| No           | No                    | No                     |               4 |            2 |
| No           | No                    | Yes                    |               0 |            0 |
| No           | Yes                   | No                     |             134 |           45 |
| Yes          | No                    | No                     |               0 |            0 |
| Yes          | No                    | Yes                    |               0 |            0 |
| Yes          | Yes                   | No                     |             352 |          139 |
+--------------+-----------------------+------------------------+-----------------+--------------+


4. Detailed Control Set Information
-----------------------------------

+----------------+-------------------------------------+----------------------------------------+------------------+----------------+--------------+
|  Clock Signal  |            Enable Signal            |            Set/Reset Signal            | Slice Load Count | Bel Load Count | Bels / Slice |
+----------------+-------------------------------------+----------------------------------------+------------------+----------------+--------------+
|  clk_IBUF_BUFG | u_fsm/overload_flag_i_1_n_0         | u_deb_reset/rst_clean                  |                1 |              1 |         1.00 |
|  clk_IBUF_BUFG |                                     |                                        |                2 |              4 |         2.00 |
|  clk_IBUF_BUFG | u_fsm/cached_priority[1][3]_i_1_n_0 | u_deb_reset/rst_clean                  |                4 |              4 |         1.00 |
|  clk_IBUF_BUFG | u_fsm/area_ptr                      | u_deb_reset/rst_clean                  |                1 |              4 |         4.00 |
|  clk_IBUF_BUFG | u_fsm/bill_area[3]_i_1_n_0          | u_deb_reset/rst_clean                  |                1 |              4 |         4.00 |
|  clk_IBUF_BUFG | u_fsm/cached_priority[3][3]_i_1_n_0 | u_deb_reset/rst_clean                  |                3 |              4 |         1.33 |
|  clk_IBUF_BUFG | u_fsm/cached_priority[5][3]_i_1_n_0 | u_deb_reset/rst_clean                  |                2 |              4 |         2.00 |
|  clk_IBUF_BUFG | u_fsm/cached_priority[4][3]_i_1_n_0 | u_deb_reset/rst_clean                  |                1 |              4 |         4.00 |
|  clk_IBUF_BUFG | u_fsm/bram_addr[3]_i_1_n_0          | u_deb_reset/rst_clean                  |                1 |              4 |         4.00 |
|  clk_IBUF_BUFG | u_fsm/cached_priority[0][3]_i_1_n_0 | u_deb_reset/rst_clean                  |                2 |              4 |         2.00 |
|  clk_IBUF_BUFG | u_fsm/cached_priority[9][3]_i_1_n_0 | u_deb_reset/rst_clean                  |                2 |              4 |         2.00 |
|  clk_IBUF_BUFG | u_fsm/cached_priority[7][3]_i_1_n_0 | u_deb_reset/rst_clean                  |                2 |              4 |         2.00 |
|  clk_IBUF_BUFG | u_fsm/cached_priority[8][3]_i_1_n_0 | u_deb_reset/rst_clean                  |                2 |              4 |         2.00 |
|  clk_IBUF_BUFG | u_fsm/cached_priority[2][3]_i_1_n_0 | u_deb_reset/rst_clean                  |                3 |              4 |         1.33 |
|  clk_IBUF_BUFG | u_fsm/cached_priority[6][3]_i_1_n_0 | u_deb_reset/rst_clean                  |                3 |              4 |         1.33 |
|  clk_IBUF_BUFG | u_fsm/cached_usage[5][7]_i_1_n_0    | u_deb_reset/rst_clean                  |                4 |              8 |         2.00 |
|  clk_IBUF_BUFG | u_fsm/cached_usage[4][7]_i_1_n_0    | u_deb_reset/rst_clean                  |                5 |              8 |         1.60 |
|  clk_IBUF_BUFG | u_fsm/cached_usage[6][7]_i_1_n_0    | u_deb_reset/rst_clean                  |                4 |              8 |         2.00 |
|  clk_IBUF_BUFG | u_fsm/cached_usage[2][7]_i_1_n_0    | u_deb_reset/rst_clean                  |                2 |              8 |         4.00 |
|  clk_IBUF_BUFG | u_fsm/cached_usage[0][7]_i_1_n_0    | u_deb_reset/rst_clean                  |                2 |              8 |         4.00 |
|  clk_IBUF_BUFG | u_fsm/cached_usage[7][7]_i_1_n_0    | u_deb_reset/rst_clean                  |                2 |              8 |         4.00 |
|  clk_IBUF_BUFG | u_fsm/cached_usage[1][7]_i_1_n_0    | u_deb_reset/rst_clean                  |                3 |              8 |         2.67 |
|  clk_IBUF_BUFG | u_fsm/cached_usage[9][7]_i_1_n_0    | u_deb_reset/rst_clean                  |                4 |              8 |         2.00 |
|  clk_IBUF_BUFG | u_fsm/cached_usage[3][7]_i_1_n_0    | u_deb_reset/rst_clean                  |                3 |              8 |         2.67 |
|  clk_IBUF_BUFG | u_fsm/cached_usage[8][7]_i_1_n_0    | u_deb_reset/rst_clean                  |                3 |              8 |         2.67 |
|  clk_IBUF_BUFG | u_fsm/area_bill[1][9]_i_1_n_0       | u_deb_reset/rst_clean                  |                5 |             10 |         2.00 |
|  clk_IBUF_BUFG | u_fsm/area_bill[2][9]_i_1_n_0       | u_deb_reset/rst_clean                  |                3 |             10 |         3.33 |
|  clk_IBUF_BUFG | u_fsm/area_bill[0][9]_i_1_n_0       | u_deb_reset/rst_clean                  |                3 |             10 |         3.33 |
|  clk_IBUF_BUFG | u_fsm/area_bill[4][9]_i_1_n_0       | u_deb_reset/rst_clean                  |                2 |             10 |         5.00 |
|  clk_IBUF_BUFG | u_fsm/area_bill[7][9]_i_1_n_0       | u_deb_reset/rst_clean                  |                4 |             10 |         2.50 |
|  clk_IBUF_BUFG | u_fsm/area_bill[6][9]_i_1_n_0       | u_deb_reset/rst_clean                  |                2 |             10 |         5.00 |
|  clk_IBUF_BUFG | u_fsm/area_bill[5][9]_i_1_n_0       | u_deb_reset/rst_clean                  |                3 |             10 |         3.33 |
|  clk_IBUF_BUFG | u_fsm/area_bill[8][9]_i_1_n_0       | u_deb_reset/rst_clean                  |                4 |             10 |         2.50 |
|  clk_IBUF_BUFG | u_fsm/area_bill[9][9]_i_1_n_0       | u_deb_reset/rst_clean                  |                4 |             10 |         2.50 |
|  clk_IBUF_BUFG | u_fsm/balance_reg[9]_i_1_n_0        | u_deb_reset/rst_clean                  |                5 |             10 |         2.00 |
|  clk_IBUF_BUFG | u_fsm/area_bill[3][9]_i_1_n_0       | u_deb_reset/rst_clean                  |                3 |             10 |         3.33 |
|  clk_IBUF_BUFG | u_fsm/bram_we_i_1_n_0               | u_deb_reset/rst_clean                  |                5 |             12 |         2.40 |
|  clk_IBUF_BUFG | u_fsm/bram_we                       |                                        |                3 |             12 |         4.00 |
|  clk_IBUF_BUFG |                                     | u_deb_confirm/stable_cnt[0]_i_1__0_n_0 |                5 |             19 |         3.80 |
|  clk_IBUF_BUFG |                                     | u_deb_reset/stable_cnt[0]_i_1_n_0      |                5 |             19 |         3.80 |
|  clk_IBUF_BUFG | u_fsm/r_alu_priority                | u_deb_reset/rst_clean                  |                9 |             19 |         2.11 |
|  clk_IBUF_BUFG | u_fsm/status_reg[9]_i_1_n_0         | u_deb_reset/rst_clean                  |               13 |             20 |         1.54 |
|  clk_IBUF_BUFG | u_fsm/bill_timer[27]_i_1_n_0        | u_deb_reset/rst_clean                  |                7 |             28 |         4.00 |
|  clk_IBUF_BUFG |                                     | u_clk_div/cnt_1hz[0]_i_1_n_0           |                8 |             29 |         3.62 |
|  clk_IBUF_BUFG | u_fsm/zero_timer[29]_i_1_n_0        | u_deb_reset/rst_clean                  |                7 |             30 |         4.29 |
|  clk_IBUF_BUFG |                                     | u_deb_reset/rst_clean                  |               27 |             67 |         2.48 |
+----------------+-------------------------------------+----------------------------------------+------------------+----------------+--------------+


